{"meta": {"format": 3, "version": "7.6.1", "timestamp": "2024-12-30T17:06:03.538026", "branch_coverage": false, "show_contexts": false}, "files": {"cowboy_lib/__init__.py": {"executed_lines": [0], "summary": {"covered_lines": 0, "num_statements": 0, "percent_covered": 100.0, "percent_covered_display": "100", "missing_lines": 0, "excluded_lines": 0}, "missing_lines": [], "excluded_lines": [], "functions": {"": {"executed_lines": [], "summary": {"covered_lines": 0, "num_statements": 0, "percent_covered": 100.0, "percent_covered_display": "100", "missing_lines": 0, "excluded_lines": 0}, "missing_lines": [], "excluded_lines": []}}, "classes": {"": {"executed_lines": [], "summary": {"covered_lines": 0, "num_statements": 0, "percent_covered": 100.0, "percent_covered_display": "100", "missing_lines": 0, "excluded_lines": 0}, "missing_lines": [], "excluded_lines": []}}}, "cowboy_lib/api/__init__.py": {"executed_lines": [0], "summary": {"covered_lines": 0, "num_statements": 0, "percent_covered": 100.0, "percent_covered_display": "100", "missing_lines": 0, "excluded_lines": 0}, "missing_lines": [], "excluded_lines": [], "functions": {"": {"executed_lines": [], "summary": {"covered_lines": 0, "num_statements": 0, "percent_covered": 100.0, "percent_covered_display": "100", "missing_lines": 0, "excluded_lines": 0}, "missing_lines": [], "excluded_lines": []}}, "classes": {"": {"executed_lines": [], "summary": {"covered_lines": 0, "num_statements": 0, "percent_covered": 100.0, "percent_covered_display": "100", "missing_lines": 0, "excluded_lines": 0}, "missing_lines": [], "excluded_lines": []}}}, "cowboy_lib/api/runner/__init__.py": {"executed_lines": [0], "summary": {"covered_lines": 0, "num_statements": 0, "percent_covered": 100.0, "percent_covered_display": "100", "missing_lines": 0, "excluded_lines": 0}, "missing_lines": [], "excluded_lines": [], "functions": {"": {"executed_lines": [], "summary": {"covered_lines": 0, "num_statements": 0, "percent_covered": 100.0, "percent_covered_display": "100", "missing_lines": 0, "excluded_lines": 0}, "missing_lines": [], "excluded_lines": []}}, "classes": {"": {"executed_lines": [], "summary": {"covered_lines": 0, "num_statements": 0, "percent_covered": 100.0, "percent_covered_display": "100", "missing_lines": 0, "excluded_lines": 0}, "missing_lines": [], "excluded_lines": []}}}, "cowboy_lib/api/runner/shared.py": {"executed_lines": [1, 2, 3, 5, 6, 7, 8, 11, 12, 13, 14, 15, 18, 19, 20, 23, 24, 25, 26, 28, 29, 46, 47, 51, 52, 53, 54, 55, 58, 59, 60, 66, 67, 68, 69, 70, 72, 73, 104, 105], "summary": {"covered_lines": 39, "num_statements": 55, "percent_covered": 70.9090909090909, "percent_covered_display": "71", "missing_lines": 16, "excluded_lines": 0}, "missing_lines": [30, 35, 36, 39, 40, 43, 83, 90, 91, 102, 115, 122, 123, 127, 128, 139], "excluded_lines": [], "functions": {"TaskResult.check_coverage_or_exception": {"executed_lines": [], "summary": {"covered_lines": 0, "num_statements": 6, "percent_covered": 0.0, "percent_covered_display": "0", "missing_lines": 6, "excluded_lines": 0}, "missing_lines": [30, 35, 36, 39, 40, 43], "excluded_lines": []}, "RunTestTaskArgs.from_data": {"executed_lines": [], "summary": {"covered_lines": 0, "num_statements": 4, "percent_covered": 0.0, "percent_covered_display": "0", "missing_lines": 4, "excluded_lines": 0}, "missing_lines": [83, 90, 91, 102], "excluded_lines": []}, "RunTestTaskArgs.from_json": {"executed_lines": [], "summary": {"covered_lines": 0, "num_statements": 6, "percent_covered": 0.0, "percent_covered_display": "0", "missing_lines": 6, "excluded_lines": 0}, "missing_lines": [115, 122, 123, 127, 128, 139], "excluded_lines": []}, "": {"executed_lines": [1, 2, 3, 5, 6, 7, 8, 11, 12, 13, 14, 15, 18, 19, 20, 23, 24, 25, 26, 28, 29, 46, 47, 51, 52, 53, 54, 55, 58, 59, 60, 66, 67, 68, 69, 70, 72, 73, 104, 105], "summary": {"covered_lines": 39, "num_statements": 39, "percent_covered": 100.0, "percent_covered_display": "100", "missing_lines": 0, "excluded_lines": 0}, "missing_lines": [], "excluded_lines": []}}, "classes": {"TaskStatus": {"executed_lines": [], "summary": {"covered_lines": 0, "num_statements": 0, "percent_covered": 100.0, "percent_covered_display": "100", "missing_lines": 0, "excluded_lines": 0}, "missing_lines": [], "excluded_lines": []}, "TaskType": {"executed_lines": [], "summary": {"covered_lines": 0, "num_statements": 0, "percent_covered": 100.0, "percent_covered_display": "100", "missing_lines": 0, "excluded_lines": 0}, "missing_lines": [], "excluded_lines": []}, "TaskResult": {"executed_lines": [], "summary": {"covered_lines": 0, "num_statements": 6, "percent_covered": 0.0, "percent_covered_display": "0", "missing_lines": 6, "excluded_lines": 0}, "missing_lines": [30, 35, 36, 39, 40, 43], "excluded_lines": []}, "Task": {"executed_lines": [], "summary": {"covered_lines": 0, "num_statements": 0, "percent_covered": 100.0, "percent_covered_display": "100", "missing_lines": 0, "excluded_lines": 0}, "missing_lines": [], "excluded_lines": []}, "FunctionArg": {"executed_lines": [], "summary": {"covered_lines": 0, "num_statements": 0, "percent_covered": 100.0, "percent_covered_display": "100", "missing_lines": 0, "excluded_lines": 0}, "missing_lines": [], "excluded_lines": []}, "RunTestTaskArgs": {"executed_lines": [], "summary": {"covered_lines": 0, "num_statements": 10, "percent_covered": 0.0, "percent_covered_display": "0", "missing_lines": 10, "excluded_lines": 0}, "missing_lines": [83, 90, 91, 102, 115, 122, 123, 127, 128, 139], "excluded_lines": []}, "": {"executed_lines": [1, 2, 3, 5, 6, 7, 8, 11, 12, 13, 14, 15, 18, 19, 20, 23, 24, 25, 26, 28, 29, 46, 47, 51, 52, 53, 54, 55, 58, 59, 60, 66, 67, 68, 69, 70, 72, 73, 104, 105], "summary": {"covered_lines": 39, "num_statements": 39, "percent_covered": 100.0, "percent_covered_display": "100", "missing_lines": 0, "excluded_lines": 0}, "missing_lines": [], "excluded_lines": []}}}, "cowboy_lib/ast/__init__.py": {"executed_lines": [1, 2], "summary": {"covered_lines": 2, "num_statements": 2, "percent_covered": 100.0, "percent_covered_display": "100", "missing_lines": 0, "excluded_lines": 0}, "missing_lines": [], "excluded_lines": [], "functions": {"": {"executed_lines": [1, 2], "summary": {"covered_lines": 2, "num_statements": 2, "percent_covered": 100.0, "percent_covered_display": "100", "missing_lines": 0, "excluded_lines": 0}, "missing_lines": [], "excluded_lines": []}}, "classes": {"": {"executed_lines": [1, 2], "summary": {"covered_lines": 2, "num_statements": 2, "percent_covered": 100.0, "percent_covered_display": "100", "missing_lines": 0, "excluded_lines": 0}, "missing_lines": [], "excluded_lines": []}}}, "cowboy_lib/ast/code.py": {"executed_lines": [1, 2, 3, 5, 8, 9, 10, 11, 13, 18, 19, 46, 49, 55, 58, 63, 68, 71, 81, 82, 85, 86, 89, 99, 100, 113, 114, 115, 119, 120, 124, 131, 138, 139, 142, 149, 150, 158, 159, 160, 162, 163, 172, 175, 178, 181, 184, 192, 193, 202, 203, 208, 209, 210, 211], "summary": {"covered_lines": 55, "num_statements": 120, "percent_covered": 45.833333333333336, "percent_covered_display": "46", "missing_lines": 65, "excluded_lines": 0}, "missing_lines": [14, 15, 16, 30, 31, 33, 35, 38, 39, 40, 41, 42, 43, 44, 47, 53, 56, 61, 64, 65, 66, 69, 72, 73, 74, 77, 78, 79, 83, 87, 90, 101, 116, 121, 122, 125, 132, 140, 143, 144, 147, 151, 152, 153, 154, 155, 166, 168, 170, 173, 176, 179, 182, 185, 186, 190, 194, 195, 196, 197, 198, 199, 200, 204, 205], "excluded_lines": [], "functions": {"Argument.__str__": {"executed_lines": [], "summary": {"covered_lines": 0, "num_statements": 3, "percent_covered": 0.0, "percent_covered_display": "0", "missing_lines": 3, "excluded_lines": 0}, "missing_lines": [14, 15, 16], "excluded_lines": []}, "ASTNode.__init__": {"executed_lines": [], "summary": {"covered_lines": 0, "num_statements": 11, "percent_covered": 0.0, "percent_covered_display": "0", "missing_lines": 11, "excluded_lines": 0}, "missing_lines": [30, 31, 33, 35, 38, 39, 40, 41, 42, 43, 44], "excluded_lines": []}, "ASTNode.get_node_type": {"executed_lines": [], "summary": {"covered_lines": 0, "num_statements": 1, "percent_covered": 0.0, "percent_covered_display": "0", "missing_lines": 1, "excluded_lines": 0}, "missing_lines": [47], "excluded_lines": []}, "ASTNode.is_ast": {"executed_lines": [], "summary": {"covered_lines": 0, "num_statements": 1, "percent_covered": 0.0, "percent_covered_display": "0", "missing_lines": 1, "excluded_lines": 0}, "missing_lines": [53], "excluded_lines": []}, "ASTNode.__eq__": {"executed_lines": [], "summary": {"covered_lines": 0, "num_statements": 1, "percent_covered": 0.0, "percent_covered_display": "0", "missing_lines": 1, "excluded_lines": 0}, "missing_lines": [56], "excluded_lines": []}, "ASTNode.__hash__": {"executed_lines": [], "summary": {"covered_lines": 0, "num_statements": 1, "percent_covered": 0.0, "percent_covered_display": "0", "missing_lines": 1, "excluded_lines": 0}, "missing_lines": [61], "excluded_lines": []}, "ASTNode._set_range": {"executed_lines": [], "summary": {"covered_lines": 0, "num_statements": 3, "percent_covered": 0.0, "percent_covered_display": "0", "missing_lines": 3, "excluded_lines": 0}, "missing_lines": [64, 65, 66], "excluded_lines": []}, "ASTNode.set_is_test": {"executed_lines": [], "summary": {"covered_lines": 0, "num_statements": 1, "percent_covered": 0.0, "percent_covered_display": "0", "missing_lines": 1, "excluded_lines": 0}, "missing_lines": [69], "excluded_lines": []}, "ASTNode.to_code": {"executed_lines": [], "summary": {"covered_lines": 0, "num_statements": 6, "percent_covered": 0.0, "percent_covered_display": "0", "missing_lines": 6, "excluded_lines": 0}, "missing_lines": [72, 73, 74, 77, 78, 79], "excluded_lines": []}, "ASTNode.type": {"executed_lines": [], "summary": {"covered_lines": 0, "num_statements": 1, "percent_covered": 0.0, "percent_covered_display": "0", "missing_lines": 1, "excluded_lines": 0}, "missing_lines": [83], "excluded_lines": []}, "ASTNode.name": {"executed_lines": [], "summary": {"covered_lines": 0, "num_statements": 1, "percent_covered": 0.0, "percent_covered_display": "0", "missing_lines": 1, "excluded_lines": 0}, "missing_lines": [87], "excluded_lines": []}, "ASTNode.to_json": {"executed_lines": [], "summary": {"covered_lines": 0, "num_statements": 1, "percent_covered": 0.0, "percent_covered_display": "0", "missing_lines": 1, "excluded_lines": 0}, "missing_lines": [90], "excluded_lines": []}, "ASTNode.from_json": {"executed_lines": [], "summary": {"covered_lines": 0, "num_statements": 1, "percent_covered": 0.0, "percent_covered_display": "0", "missing_lines": 1, "excluded_lines": 0}, "missing_lines": [101], "excluded_lines": []}, "Decorator.__init__": {"executed_lines": [], "summary": {"covered_lines": 0, "num_statements": 1, "percent_covered": 0.0, "percent_covered_display": "0", "missing_lines": 1, "excluded_lines": 0}, "missing_lines": [116], "excluded_lines": []}, "Class.__init__": {"executed_lines": [], "summary": {"covered_lines": 0, "num_statements": 2, "percent_covered": 0.0, "percent_covered_display": "0", "missing_lines": 2, "excluded_lines": 0}, "missing_lines": [121, 122], "excluded_lines": []}, "Class.add_func": {"executed_lines": [], "summary": {"covered_lines": 0, "num_statements": 1, "percent_covered": 0.0, "percent_covered_display": "0", "missing_lines": 1, "excluded_lines": 0}, "missing_lines": [125], "excluded_lines": []}, "Class.__eq__": {"executed_lines": [], "summary": {"covered_lines": 0, "num_statements": 1, "percent_covered": 0.0, "percent_covered_display": "0", "missing_lines": 1, "excluded_lines": 0}, "missing_lines": [132], "excluded_lines": []}, "Class.name": {"executed_lines": [], "summary": {"covered_lines": 0, "num_statements": 1, "percent_covered": 0.0, "percent_covered_display": "0", "missing_lines": 1, "excluded_lines": 0}, "missing_lines": [140], "excluded_lines": []}, "Class.to_json": {"executed_lines": [], "summary": {"covered_lines": 0, "num_statements": 3, "percent_covered": 0.0, "percent_covered_display": "0", "missing_lines": 3, "excluded_lines": 0}, "missing_lines": [143, 144, 147], "excluded_lines": []}, "Class.from_json": {"executed_lines": [], "summary": {"covered_lines": 0, "num_statements": 5, "percent_covered": 0.0, "percent_covered_display": "0", "missing_lines": 5, "excluded_lines": 0}, "missing_lines": [151, 152, 153, 154, 155], "excluded_lines": []}, "Function.__init__": {"executed_lines": [], "summary": {"covered_lines": 0, "num_statements": 3, "percent_covered": 0.0, "percent_covered_display": "0", "missing_lines": 3, "excluded_lines": 0}, "missing_lines": [166, 168, 170], "excluded_lines": []}, "Function.is_meth": {"executed_lines": [], "summary": {"covered_lines": 0, "num_statements": 1, "percent_covered": 0.0, "percent_covered_display": "0", "missing_lines": 1, "excluded_lines": 0}, "missing_lines": [173], "excluded_lines": []}, "Function.__str__": {"executed_lines": [], "summary": {"covered_lines": 0, "num_statements": 1, "percent_covered": 0.0, "percent_covered_display": "0", "missing_lines": 1, "excluded_lines": 0}, "missing_lines": [176], "excluded_lines": []}, "Function.is_method": {"executed_lines": [], "summary": {"covered_lines": 0, "num_statements": 1, "percent_covered": 0.0, "percent_covered_display": "0", "missing_lines": 1, "excluded_lines": 0}, "missing_lines": [179], "excluded_lines": []}, "Function.func_name": {"executed_lines": [], "summary": {"covered_lines": 0, "num_statements": 1, "percent_covered": 0.0, "percent_covered_display": "0", "missing_lines": 1, "excluded_lines": 0}, "missing_lines": [182], "excluded_lines": []}, "Function.to_json": {"executed_lines": [], "summary": {"covered_lines": 0, "num_statements": 3, "percent_covered": 0.0, "percent_covered_display": "0", "missing_lines": 3, "excluded_lines": 0}, "missing_lines": [185, 186, 190], "excluded_lines": []}, "Function.from_json": {"executed_lines": [], "summary": {"covered_lines": 0, "num_statements": 7, "percent_covered": 0.0, "percent_covered_display": "0", "missing_lines": 7, "excluded_lines": 0}, "missing_lines": [194, 195, 196, 197, 198, 199, 200], "excluded_lines": []}, "Function.name": {"executed_lines": [], "summary": {"covered_lines": 0, "num_statements": 2, "percent_covered": 0.0, "percent_covered_display": "0", "missing_lines": 2, "excluded_lines": 0}, "missing_lines": [204, 205], "excluded_lines": []}, "": {"executed_lines": [1, 2, 3, 5, 8, 9, 10, 11, 13, 18, 19, 46, 49, 55, 58, 63, 68, 71, 81, 82, 85, 86, 89, 99, 100, 113, 114, 115, 119, 120, 124, 131, 138, 139, 142, 149, 150, 158, 159, 160, 162, 163, 172, 175, 178, 181, 184, 192, 193, 202, 203, 208, 209, 210, 211], "summary": {"covered_lines": 55, "num_statements": 55, "percent_covered": 100.0, "percent_covered_display": "100", "missing_lines": 0, "excluded_lines": 0}, "missing_lines": [], "excluded_lines": []}}, "classes": {"Argument": {"executed_lines": [], "summary": {"covered_lines": 0, "num_statements": 3, "percent_covered": 0.0, "percent_covered_display": "0", "missing_lines": 3, "excluded_lines": 0}, "missing_lines": [14, 15, 16], "excluded_lines": []}, "ASTNode": {"executed_lines": [], "summary": {"covered_lines": 0, "num_statements": 29, "percent_covered": 0.0, "percent_covered_display": "0", "missing_lines": 29, "excluded_lines": 0}, "missing_lines": [30, 31, 33, 35, 38, 39, 40, 41, 42, 43, 44, 47, 53, 56, 61, 64, 65, 66, 69, 72, 73, 74, 77, 78, 79, 83, 87, 90, 101], "excluded_lines": []}, "Decorator": {"executed_lines": [], "summary": {"covered_lines": 0, "num_statements": 1, "percent_covered": 0.0, "percent_covered_display": "0", "missing_lines": 1, "excluded_lines": 0}, "missing_lines": [116], "excluded_lines": []}, "Class": {"executed_lines": [], "summary": {"covered_lines": 0, "num_statements": 13, "percent_covered": 0.0, "percent_covered_display": "0", "missing_lines": 13, "excluded_lines": 0}, "missing_lines": [121, 122, 125, 132, 140, 143, 144, 147, 151, 152, 153, 154, 155], "excluded_lines": []}, "FakeClassScope": {"executed_lines": [], "summary": {"covered_lines": 0, "num_statements": 0, "percent_covered": 100.0, "percent_covered_display": "100", "missing_lines": 0, "excluded_lines": 0}, "missing_lines": [], "excluded_lines": []}, "Function": {"executed_lines": [], "summary": {"covered_lines": 0, "num_statements": 19, "percent_covered": 0.0, "percent_covered_display": "0", "missing_lines": 19, "excluded_lines": 0}, "missing_lines": [166, 168, 170, 173, 176, 179, 182, 185, 186, 190, 194, 195, 196, 197, 198, 199, 200, 204, 205], "excluded_lines": []}, "NodeType": {"executed_lines": [], "summary": {"covered_lines": 0, "num_statements": 0, "percent_covered": 100.0, "percent_covered_display": "100", "missing_lines": 0, "excluded_lines": 0}, "missing_lines": [], "excluded_lines": []}, "": {"executed_lines": [1, 2, 3, 5, 8, 9, 10, 11, 13, 18, 19, 46, 49, 55, 58, 63, 68, 71, 81, 82, 85, 86, 89, 99, 100, 113, 114, 115, 119, 120, 124, 131, 138, 139, 142, 149, 150, 158, 159, 160, 162, 163, 172, 175, 178, 181, 184, 192, 193, 202, 203, 208, 209, 210, 211], "summary": {"covered_lines": 55, "num_statements": 55, "percent_covered": 100.0, "percent_covered_display": "100", "missing_lines": 0, "excluded_lines": 0}, "missing_lines": [], "excluded_lines": []}}}, "cowboy_lib/ast/python/__init__.py": {"executed_lines": [0], "summary": {"covered_lines": 0, "num_statements": 0, "percent_covered": 100.0, "percent_covered_display": "100", "missing_lines": 0, "excluded_lines": 0}, "missing_lines": [], "excluded_lines": [], "functions": {"": {"executed_lines": [], "summary": {"covered_lines": 0, "num_statements": 0, "percent_covered": 100.0, "percent_covered_display": "100", "missing_lines": 0, "excluded_lines": 0}, "missing_lines": [], "excluded_lines": []}}, "classes": {"": {"executed_lines": [], "summary": {"covered_lines": 0, "num_statements": 0, "percent_covered": 100.0, "percent_covered_display": "100", "missing_lines": 0, "excluded_lines": 0}, "missing_lines": [], "excluded_lines": []}}}, "cowboy_lib/ast/python/ast.py": {"executed_lines": [1, 2, 3, 4, 6, 8, 9, 11, 12, 13, 14, 18, 19, 27, 69, 116, 133, 171, 174, 178, 181], "summary": {"covered_lines": 21, "num_statements": 104, "percent_covered": 20.192307692307693, "percent_covered_display": "20", "missing_lines": 83, "excluded_lines": 0}, "missing_lines": [20, 22, 23, 25, 35, 36, 39, 41, 42, 45, 46, 47, 48, 50, 52, 53, 55, 56, 59, 60, 61, 65, 66, 70, 71, 73, 76, 79, 82, 85, 86, 87, 90, 91, 94, 96, 97, 100, 101, 102, 114, 117, 118, 119, 120, 122, 123, 124, 126, 131, 134, 135, 136, 137, 138, 140, 147, 148, 149, 151, 162, 163, 164, 165, 167, 169, 172, 176, 179, 182, 183, 184, 185, 187, 189, 190, 191, 193, 195, 197, 198, 200, 201], "excluded_lines": [], "functions": {"PythonAST.__init__": {"executed_lines": [], "summary": {"covered_lines": 0, "num_statements": 4, "percent_covered": 0.0, "percent_covered_display": "0", "missing_lines": 4, "excluded_lines": 0}, "missing_lines": [20, 22, 23, 25], "excluded_lines": []}, "PythonAST._detect_indentation": {"executed_lines": [], "summary": {"covered_lines": 0, "num_statements": 19, "percent_covered": 0.0, "percent_covered_display": "0", "missing_lines": 19, "excluded_lines": 0}, "missing_lines": [35, 36, 39, 41, 42, 45, 46, 47, 48, 50, 52, 53, 55, 56, 59, 60, 61, 65, 66], "excluded_lines": []}, "PythonAST._parse_decorators": {"executed_lines": [], "summary": {"covered_lines": 0, "num_statements": 18, "percent_covered": 0.0, "percent_covered_display": "0", "missing_lines": 18, "excluded_lines": 0}, "missing_lines": [70, 71, 73, 76, 79, 82, 85, 86, 87, 90, 91, 94, 96, 97, 100, 101, 102, 114], "excluded_lines": []}, "PythonAST._parse_classes": {"executed_lines": [], "summary": {"covered_lines": 0, "num_statements": 9, "percent_covered": 0.0, "percent_covered_display": "0", "missing_lines": 9, "excluded_lines": 0}, "missing_lines": [117, 118, 119, 120, 122, 123, 124, 126, 131], "excluded_lines": []}, "PythonAST._parse_functions": {"executed_lines": [], "summary": {"covered_lines": 0, "num_statements": 16, "percent_covered": 0.0, "percent_covered_display": "0", "missing_lines": 16, "excluded_lines": 0}, "missing_lines": [134, 135, 136, 137, 138, 140, 147, 148, 149, 151, 162, 163, 164, 165, 167, 169], "excluded_lines": []}, "PythonAST.find_node": {"executed_lines": [], "summary": {"covered_lines": 0, "num_statements": 1, "percent_covered": 0.0, "percent_covered_display": "0", "missing_lines": 1, "excluded_lines": 0}, "missing_lines": [172], "excluded_lines": []}, "PythonAST._get_range": {"executed_lines": [], "summary": {"covered_lines": 0, "num_statements": 1, "percent_covered": 0.0, "percent_covered_display": "0", "missing_lines": 1, "excluded_lines": 0}, "missing_lines": [176], "excluded_lines": []}, "PythonAST._get_lines": {"executed_lines": [], "summary": {"covered_lines": 0, "num_statements": 1, "percent_covered": 0.0, "percent_covered_display": "0", "missing_lines": 1, "excluded_lines": 0}, "missing_lines": [179], "excluded_lines": []}, "PythonAST.parse": {"executed_lines": [], "summary": {"covered_lines": 0, "num_statements": 7, "percent_covered": 0.0, "percent_covered_display": "0", "missing_lines": 7, "excluded_lines": 0}, "missing_lines": [182, 187, 195, 197, 198, 200, 201], "excluded_lines": []}, "PythonAST.parse.set_parents": {"executed_lines": [], "summary": {"covered_lines": 0, "num_statements": 3, "percent_covered": 0.0, "percent_covered_display": "0", "missing_lines": 3, "excluded_lines": 0}, "missing_lines": [183, 184, 185], "excluded_lines": []}, "PythonAST.parse.parse_ast": {"executed_lines": [], "summary": {"covered_lines": 0, "num_statements": 4, "percent_covered": 0.0, "percent_covered_display": "0", "missing_lines": 4, "excluded_lines": 0}, "missing_lines": [189, 190, 191, 193], "excluded_lines": []}, "": {"executed_lines": [1, 2, 3, 4, 6, 8, 9, 11, 12, 13, 14, 18, 19, 27, 69, 116, 133, 171, 174, 178, 181], "summary": {"covered_lines": 21, "num_statements": 21, "percent_covered": 100.0, "percent_covered_display": "100", "missing_lines": 0, "excluded_lines": 0}, "missing_lines": [], "excluded_lines": []}}, "classes": {"Indentation": {"executed_lines": [], "summary": {"covered_lines": 0, "num_statements": 0, "percent_covered": 100.0, "percent_covered_display": "100", "missing_lines": 0, "excluded_lines": 0}, "missing_lines": [], "excluded_lines": []}, "PythonAST": {"executed_lines": [], "summary": {"covered_lines": 0, "num_statements": 83, "percent_covered": 0.0, "percent_covered_display": "0", "missing_lines": 83, "excluded_lines": 0}, "missing_lines": [20, 22, 23, 25, 35, 36, 39, 41, 42, 45, 46, 47, 48, 50, 52, 53, 55, 56, 59, 60, 61, 65, 66, 70, 71, 73, 76, 79, 82, 85, 86, 87, 90, 91, 94, 96, 97, 100, 101, 102, 114, 117, 118, 119, 120, 122, 123, 124, 126, 131, 134, 135, 136, 137, 138, 140, 147, 148, 149, 151, 162, 163, 164, 165, 167, 169, 172, 176, 179, 182, 183, 184, 185, 187, 189, 190, 191, 193, 195, 197, 198, 200, 201], "excluded_lines": []}, "": {"executed_lines": [1, 2, 3, 4, 6, 8, 9, 11, 12, 13, 14, 18, 19, 27, 69, 116, 133, 171, 174, 178, 181], "summary": {"covered_lines": 21, "num_statements": 21, "percent_covered": 100.0, "percent_covered_display": "100", "missing_lines": 0, "excluded_lines": 0}, "missing_lines": [], "excluded_lines": []}}}, "cowboy_lib/coverage.py": {"executed_lines": [1, 2, 3, 4, 5, 8, 10, 13, 14, 17, 18, 21, 22, 26, 34, 35, 66, 72, 73, 76, 103, 143, 166, 167, 184, 188, 204, 220, 231, 238, 239, 243, 244, 247, 248, 252, 275, 276, 280, 281, 299, 300, 317, 336, 343, 346, 349, 352, 372, 389, 393, 397, 400, 403, 409, 410, 417, 420, 421, 425, 435, 438, 449, 483, 489, 492, 496], "summary": {"covered_lines": 65, "num_statements": 231, "percent_covered": 28.138528138528137, "percent_covered_display": "28", "missing_lines": 166, "excluded_lines": 0}, "missing_lines": [23, 31, 32, 41, 46, 47, 49, 50, 51, 60, 63, 64, 70, 74, 78, 79, 86, 87, 89, 90, 97, 98, 101, 104, 105, 106, 107, 124, 125, 127, 134, 141, 148, 149, 150, 151, 157, 158, 160, 171, 173, 175, 176, 177, 178, 180, 181, 182, 186, 192, 194, 196, 197, 198, 199, 200, 201, 202, 205, 213, 214, 215, 216, 218, 224, 226, 229, 232, 240, 257, 258, 260, 262, 263, 264, 265, 266, 267, 268, 270, 271, 272, 273, 277, 282, 284, 285, 288, 289, 297, 307, 308, 310, 311, 312, 313, 315, 322, 323, 333, 334, 340, 341, 344, 347, 350, 357, 359, 360, 361, 363, 364, 365, 366, 367, 368, 370, 376, 378, 379, 380, 381, 383, 384, 385, 387, 390, 391, 394, 395, 398, 401, 404, 411, 426, 429, 430, 431, 433, 436, 442, 443, 444, 445, 446, 455, 456, 459, 462, 465, 466, 468, 469, 470, 471, 473, 475, 478, 479, 481, 487, 490, 493, 497, 498, 499], "excluded_lines": [], "functions": {"CoverageSubtractionError.__init__": {"executed_lines": [], "summary": {"covered_lines": 0, "num_statements": 1, "percent_covered": 0.0, "percent_covered_display": "0", "missing_lines": 1, "excluded_lines": 0}, "missing_lines": [23], "excluded_lines": []}, "get_full_path": {"executed_lines": [], "summary": {"covered_lines": 0, "num_statements": 2, "percent_covered": 0.0, "percent_covered_display": "0", "missing_lines": 2, "excluded_lines": 0}, "missing_lines": [31, 32], "excluded_lines": []}, "Coverage.__init__": {"executed_lines": [], "summary": {"covered_lines": 0, "num_statements": 9, "percent_covered": 0.0, "percent_covered_display": "0", "missing_lines": 9, "excluded_lines": 0}, "missing_lines": [41, 46, 47, 49, 50, 51, 60, 63, 64], "excluded_lines": []}, "Coverage.convert_path": {"executed_lines": [], "summary": {"covered_lines": 0, "num_statements": 1, "percent_covered": 0.0, "percent_covered_display": "0", "missing_lines": 1, "excluded_lines": 0}, "missing_lines": [70], "excluded_lines": []}, "Coverage.cov": {"executed_lines": [], "summary": {"covered_lines": 0, "num_statements": 1, "percent_covered": 0.0, "percent_covered_display": "0", "missing_lines": 1, "excluded_lines": 0}, "missing_lines": [74], "excluded_lines": []}, "Coverage.__eq__": {"executed_lines": [], "summary": {"covered_lines": 0, "num_statements": 9, "percent_covered": 0.0, "percent_covered_display": "0", "missing_lines": 9, "excluded_lines": 0}, "missing_lines": [78, 79, 86, 87, 89, 90, 97, 98, 101], "excluded_lines": []}, "Coverage.__sub__": {"executed_lines": [], "summary": {"covered_lines": 0, "num_statements": 9, "percent_covered": 0.0, "percent_covered_display": "0", "missing_lines": 9, "excluded_lines": 0}, "missing_lines": [104, 105, 106, 107, 124, 125, 127, 134, 141], "excluded_lines": []}, "Coverage.__add__": {"executed_lines": [], "summary": {"covered_lines": 0, "num_statements": 7, "percent_covered": 0.0, "percent_covered_display": "0", "missing_lines": 7, "excluded_lines": 0}, "missing_lines": [148, 149, 150, 151, 157, 158, 160], "excluded_lines": []}, "Coverage.diff_cov": {"executed_lines": [], "summary": {"covered_lines": 0, "num_statements": 9, "percent_covered": 0.0, "percent_covered_display": "0", "missing_lines": 9, "excluded_lines": 0}, "missing_lines": [171, 173, 175, 176, 177, 178, 180, 181, 182], "excluded_lines": []}, "Coverage.__str__": {"executed_lines": [], "summary": {"covered_lines": 0, "num_statements": 1, "percent_covered": 0.0, "percent_covered_display": "0", "missing_lines": 1, "excluded_lines": 0}, "missing_lines": [186], "excluded_lines": []}, "Coverage.read_line_contents": {"executed_lines": [], "summary": {"covered_lines": 0, "num_statements": 9, "percent_covered": 0.0, "percent_covered_display": "0", "missing_lines": 9, "excluded_lines": 0}, "missing_lines": [192, 194, 196, 197, 198, 199, 200, 201, 202], "excluded_lines": []}, "Coverage.print_lines": {"executed_lines": [], "summary": {"covered_lines": 0, "num_statements": 6, "percent_covered": 0.0, "percent_covered_display": "0", "missing_lines": 6, "excluded_lines": 0}, "missing_lines": [205, 213, 214, 215, 216, 218], "excluded_lines": []}, "Coverage.get_contiguous_lines": {"executed_lines": [], "summary": {"covered_lines": 0, "num_statements": 3, "percent_covered": 0.0, "percent_covered_display": "0", "missing_lines": 3, "excluded_lines": 0}, "missing_lines": [224, 226, 229], "excluded_lines": []}, "Coverage.serialize": {"executed_lines": [], "summary": {"covered_lines": 0, "num_statements": 1, "percent_covered": 0.0, "percent_covered_display": "0", "missing_lines": 1, "excluded_lines": 0}, "missing_lines": [232], "excluded_lines": []}, "Coverage.deserialize": {"executed_lines": [], "summary": {"covered_lines": 0, "num_statements": 1, "percent_covered": 0.0, "percent_covered_display": "0", "missing_lines": 1, "excluded_lines": 0}, "missing_lines": [240], "excluded_lines": []}, "TestCoverage.__init__": {"executed_lines": [], "summary": {"covered_lines": 0, "num_statements": 14, "percent_covered": 0.0, "percent_covered_display": "0", "missing_lines": 14, "excluded_lines": 0}, "missing_lines": [257, 258, 260, 262, 263, 264, 265, 266, 267, 268, 270, 271, 272, 273], "excluded_lines": []}, "TestCoverage.cov_list": {"executed_lines": [], "summary": {"covered_lines": 0, "num_statements": 1, "percent_covered": 0.0, "percent_covered_display": "0", "missing_lines": 1, "excluded_lines": 0}, "missing_lines": [277], "excluded_lines": []}, "TestCoverage.from_coverage_file": {"executed_lines": [], "summary": {"covered_lines": 0, "num_statements": 6, "percent_covered": 0.0, "percent_covered_display": "0", "missing_lines": 6, "excluded_lines": 0}, "missing_lines": [282, 284, 285, 288, 289, 297], "excluded_lines": []}, "TestCoverage.diff_cov": {"executed_lines": [], "summary": {"covered_lines": 0, "num_statements": 7, "percent_covered": 0.0, "percent_covered_display": "0", "missing_lines": 7, "excluded_lines": 0}, "missing_lines": [307, 308, 310, 311, 312, 313, 315], "excluded_lines": []}, "TestCoverage.get_file_cov": {"executed_lines": [], "summary": {"covered_lines": 0, "num_statements": 4, "percent_covered": 0.0, "percent_covered_display": "0", "missing_lines": 4, "excluded_lines": 0}, "missing_lines": [322, 323, 333, 334], "excluded_lines": []}, "TestCoverage.read_line_coverage": {"executed_lines": [], "summary": {"covered_lines": 0, "num_statements": 2, "percent_covered": 0.0, "percent_covered_display": "0", "missing_lines": 2, "excluded_lines": 0}, "missing_lines": [340, 341], "excluded_lines": []}, "TestCoverage.__bool__": {"executed_lines": [], "summary": {"covered_lines": 0, "num_statements": 1, "percent_covered": 0.0, "percent_covered_display": "0", "missing_lines": 1, "excluded_lines": 0}, "missing_lines": [344], "excluded_lines": []}, "TestCoverage.__iter__": {"executed_lines": [], "summary": {"covered_lines": 0, "num_statements": 1, "percent_covered": 0.0, "percent_covered_display": "0", "missing_lines": 1, "excluded_lines": 0}, "missing_lines": [347], "excluded_lines": []}, "TestCoverage.is_zero": {"executed_lines": [], "summary": {"covered_lines": 0, "num_statements": 1, "percent_covered": 0.0, "percent_covered_display": "0", "missing_lines": 1, "excluded_lines": 0}, "missing_lines": [350], "excluded_lines": []}, "TestCoverage.__sub__": {"executed_lines": [], "summary": {"covered_lines": 0, "num_statements": 11, "percent_covered": 0.0, "percent_covered_display": "0", "missing_lines": 11, "excluded_lines": 0}, "missing_lines": [357, 359, 360, 361, 363, 364, 365, 366, 367, 368, 370], "excluded_lines": []}, "TestCoverage.__add__": {"executed_lines": [], "summary": {"covered_lines": 0, "num_statements": 9, "percent_covered": 0.0, "percent_covered_display": "0", "missing_lines": 9, "excluded_lines": 0}, "missing_lines": [376, 378, 379, 380, 381, 383, 384, 385, 387], "excluded_lines": []}, "TestCoverage.covered_lines": {"executed_lines": [], "summary": {"covered_lines": 0, "num_statements": 2, "percent_covered": 0.0, "percent_covered_display": "0", "missing_lines": 2, "excluded_lines": 0}, "missing_lines": [390, 391], "excluded_lines": []}, "TestCoverage.missing_lines": {"executed_lines": [], "summary": {"covered_lines": 0, "num_statements": 2, "percent_covered": 0.0, "percent_covered_display": "0", "missing_lines": 2, "excluded_lines": 0}, "missing_lines": [394, 395], "excluded_lines": []}, "TestCoverage.cov_list_str": {"executed_lines": [], "summary": {"covered_lines": 0, "num_statements": 1, "percent_covered": 0.0, "percent_covered_display": "0", "missing_lines": 1, "excluded_lines": 0}, "missing_lines": [398], "excluded_lines": []}, "TestCoverage.__repr__": {"executed_lines": [], "summary": {"covered_lines": 0, "num_statements": 1, "percent_covered": 0.0, "percent_covered_display": "0", "missing_lines": 1, "excluded_lines": 0}, "missing_lines": [401], "excluded_lines": []}, "TestCoverage.serialize": {"executed_lines": [], "summary": {"covered_lines": 0, "num_statements": 1, "percent_covered": 0.0, "percent_covered_display": "0", "missing_lines": 1, "excluded_lines": 0}, "missing_lines": [404], "excluded_lines": []}, "TestCoverage.deserialize": {"executed_lines": [], "summary": {"covered_lines": 0, "num_statements": 1, "percent_covered": 0.0, "percent_covered_display": "0", "missing_lines": 1, "excluded_lines": 0}, "missing_lines": [411], "excluded_lines": []}, "CoverageResult.__init__": {"executed_lines": [], "summary": {"covered_lines": 0, "num_statements": 5, "percent_covered": 0.0, "percent_covered_display": "0", "missing_lines": 5, "excluded_lines": 0}, "missing_lines": [426, 429, 430, 431, 433], "excluded_lines": []}, "CoverageResult.to_dict": {"executed_lines": [], "summary": {"covered_lines": 0, "num_statements": 1, "percent_covered": 0.0, "percent_covered_display": "0", "missing_lines": 1, "excluded_lines": 0}, "missing_lines": [436], "excluded_lines": []}, "CoverageResult._parse_total_tests": {"executed_lines": [], "summary": {"covered_lines": 0, "num_statements": 5, "percent_covered": 0.0, "percent_covered_display": "0", "missing_lines": 5, "excluded_lines": 0}, "missing_lines": [442, 443, 444, 445, 446], "excluded_lines": []}, "CoverageResult._parse_failed_tests": {"executed_lines": [], "summary": {"covered_lines": 0, "num_statements": 15, "percent_covered": 0.0, "percent_covered_display": "0", "missing_lines": 15, "excluded_lines": 0}, "missing_lines": [455, 456, 459, 462, 465, 466, 468, 469, 470, 471, 473, 475, 478, 479, 481], "excluded_lines": []}, "CoverageResult.get_failed": {"executed_lines": [], "summary": {"covered_lines": 0, "num_statements": 1, "percent_covered": 0.0, "percent_covered_display": "0", "missing_lines": 1, "excluded_lines": 0}, "missing_lines": [487], "excluded_lines": []}, "CoverageResult.__bool__": {"executed_lines": [], "summary": {"covered_lines": 0, "num_statements": 1, "percent_covered": 0.0, "percent_covered_display": "0", "missing_lines": 1, "excluded_lines": 0}, "missing_lines": [490], "excluded_lines": []}, "CoverageResult.get_coverage": {"executed_lines": [], "summary": {"covered_lines": 0, "num_statements": 1, "percent_covered": 0.0, "percent_covered_display": "0", "missing_lines": 1, "excluded_lines": 0}, "missing_lines": [493], "excluded_lines": []}, "CoverageResult.get_error": {"executed_lines": [], "summary": {"covered_lines": 0, "num_statements": 3, "percent_covered": 0.0, "percent_covered_display": "0", "missing_lines": 3, "excluded_lines": 0}, "missing_lines": [497, 498, 499], "excluded_lines": []}, "": {"executed_lines": [1, 2, 3, 4, 5, 8, 10, 13, 14, 17, 18, 21, 22, 26, 34, 35, 66, 72, 73, 76, 103, 143, 166, 167, 184, 188, 204, 220, 231, 238, 239, 243, 244, 247, 248, 252, 275, 276, 280, 281, 299, 300, 317, 336, 343, 346, 349, 352, 372, 389, 393, 397, 400, 403, 409, 410, 417, 420, 421, 425, 435, 438, 449, 483, 489, 492, 496], "summary": {"covered_lines": 65, "num_statements": 65, "percent_covered": 100.0, "percent_covered_display": "100", "missing_lines": 0, "excluded_lines": 0}, "missing_lines": [], "excluded_lines": []}}, "classes": {"CoverageException": {"executed_lines": [], "summary": {"covered_lines": 0, "num_statements": 0, "percent_covered": 100.0, "percent_covered_display": "100", "missing_lines": 0, "excluded_lines": 0}, "missing_lines": [], "excluded_lines": []}, "CoverageFailure": {"executed_lines": [], "summary": {"covered_lines": 0, "num_statements": 0, "percent_covered": 100.0, "percent_covered_display": "100", "missing_lines": 0, "excluded_lines": 0}, "missing_lines": [], "excluded_lines": []}, "CoverageSubtractionError": {"executed_lines": [], "summary": {"covered_lines": 0, "num_statements": 1, "percent_covered": 0.0, "percent_covered_display": "0", "missing_lines": 1, "excluded_lines": 0}, "missing_lines": [23], "excluded_lines": []}, "Coverage": {"executed_lines": [], "summary": {"covered_lines": 0, "num_statements": 66, "percent_covered": 0.0, "percent_covered_display": "0", "missing_lines": 66, "excluded_lines": 0}, "missing_lines": [41, 46, 47, 49, 50, 51, 60, 63, 64, 70, 74, 78, 79, 86, 87, 89, 90, 97, 98, 101, 104, 105, 106, 107, 124, 125, 127, 134, 141, 148, 149, 150, 151, 157, 158, 160, 171, 173, 175, 176, 177, 178, 180, 181, 182, 186, 192, 194, 196, 197, 198, 199, 200, 201, 202, 205, 213, 214, 215, 216, 218, 224, 226, 229, 232, 240], "excluded_lines": []}, "NoCoverageDB": {"executed_lines": [], "summary": {"covered_lines": 0, "num_statements": 0, "percent_covered": 100.0, "percent_covered_display": "100", "missing_lines": 0, "excluded_lines": 0}, "missing_lines": [], "excluded_lines": []}, "TestCoverage": {"executed_lines": [], "summary": {"covered_lines": 0, "num_statements": 65, "percent_covered": 0.0, "percent_covered_display": "0", "missing_lines": 65, "excluded_lines": 0}, "missing_lines": [257, 258, 260, 262, 263, 264, 265, 266, 267, 268, 270, 271, 272, 273, 277, 282, 284, 285, 288, 289, 297, 307, 308, 310, 311, 312, 313, 315, 322, 323, 333, 334, 340, 341, 344, 347, 350, 357, 359, 360, 361, 363, 364, 365, 366, 367, 368, 370, 376, 378, 379, 380, 381, 383, 384, 385, 387, 390, 391, 394, 395, 398, 401, 404, 411], "excluded_lines": []}, "CoverageResult": {"executed_lines": [], "summary": {"covered_lines": 0, "num_statements": 32, "percent_covered": 0.0, "percent_covered_display": "0", "missing_lines": 32, "excluded_lines": 0}, "missing_lines": [426, 429, 430, 431, 433, 436, 442, 443, 444, 445, 446, 455, 456, 459, 462, 465, 466, 468, 469, 470, 471, 473, 475, 478, 479, 481, 487, 490, 493, 497, 498, 499], "excluded_lines": []}, "": {"executed_lines": [1, 2, 3, 4, 5, 8, 10, 13, 14, 17, 18, 21, 22, 26, 34, 35, 66, 72, 73, 76, 103, 143, 166, 167, 184, 188, 204, 220, 231, 238, 239, 243, 244, 247, 248, 252, 275, 276, 280, 281, 299, 300, 317, 336, 343, 346, 349, 352, 372, 389, 393, 397, 400, 403, 409, 410, 417, 420, 421, 425, 435, 438, 449, 483, 489, 492, 496], "summary": {"covered_lines": 65, "num_statements": 67, "percent_covered": 97.01492537313433, "percent_covered_display": "97", "missing_lines": 2, "excluded_lines": 0}, "missing_lines": [31, 32], "excluded_lines": []}}}, "cowboy_lib/llm/__init__.py": {"executed_lines": [], "summary": {"covered_lines": 0, "num_statements": 1, "percent_covered": 0.0, "percent_covered_display": "0", "missing_lines": 1, "excluded_lines": 0}, "missing_lines": [1], "excluded_lines": [], "functions": {"": {"executed_lines": [], "summary": {"covered_lines": 0, "num_statements": 1, "percent_covered": 0.0, "percent_covered_display": "0", "missing_lines": 1, "excluded_lines": 0}, "missing_lines": [1], "excluded_lines": []}}, "classes": {"": {"executed_lines": [], "summary": {"covered_lines": 0, "num_statements": 1, "percent_covered": 0.0, "percent_covered_display": "0", "missing_lines": 1, "excluded_lines": 0}, "missing_lines": [1], "excluded_lines": []}}}, "cowboy_lib/llm/invoke_llm.py": {"executed_lines": [], "summary": {"covered_lines": 0, "num_statements": 18, "percent_covered": 0.0, "percent_covered_display": "0", "missing_lines": 18, "excluded_lines": 0}, "missing_lines": [1, 2, 4, 6, 14, 20, 22, 23, 24, 26, 29, 30, 31, 32, 33, 34, 35, 37], "excluded_lines": [], "functions": {"invoke_llm_async": {"executed_lines": [], "summary": {"covered_lines": 0, "num_statements": 13, "percent_covered": 0.0, "percent_covered_display": "0", "missing_lines": 13, "excluded_lines": 0}, "missing_lines": [20, 22, 23, 24, 26, 29, 30, 31, 32, 33, 34, 35, 37], "excluded_lines": []}, "": {"executed_lines": [], "summary": {"covered_lines": 0, "num_statements": 5, "percent_covered": 0.0, "percent_covered_display": "0", "missing_lines": 5, "excluded_lines": 0}, "missing_lines": [1, 2, 4, 6, 14], "excluded_lines": []}}, "classes": {"": {"executed_lines": [], "summary": {"covered_lines": 0, "num_statements": 18, "percent_covered": 0.0, "percent_covered_display": "0", "missing_lines": 18, "excluded_lines": 0}, "missing_lines": [1, 2, 4, 6, 14, 20, 22, 23, 24, 26, 29, 30, 31, 32, 33, 34, 35, 37], "excluded_lines": []}}}, "cowboy_lib/llm/models.py": {"executed_lines": [], "summary": {"covered_lines": 0, "num_statements": 93, "percent_covered": 0.0, "percent_covered_display": "0", "missing_lines": 93, "excluded_lines": 0}, "missing_lines": [1, 3, 4, 5, 6, 7, 16, 18, 21, 22, 23, 24, 25, 26, 27, 28, 29, 30, 33, 34, 35, 36, 37, 38, 39, 41, 42, 43, 45, 52, 53, 54, 56, 61, 62, 65, 66, 69, 70, 71, 73, 74, 75, 76, 79, 86, 90, 91, 93, 97, 98, 99, 100, 102, 104, 116, 120, 121, 122, 123, 124, 127, 133, 158, 160, 161, 164, 165, 209, 220, 222, 224, 226, 227, 228, 229, 231, 233, 240, 241, 242, 244, 249, 255, 260, 261, 263, 267, 268, 269, 270, 272, 273], "excluded_lines": [], "functions": {"APIStats.__add__": {"executed_lines": [], "summary": {"covered_lines": 0, "num_statements": 3, "percent_covered": 0.0, "percent_covered_display": "0", "missing_lines": 3, "excluded_lines": 0}, "missing_lines": [42, 43, 45], "excluded_lines": []}, "APIStats.replace": {"executed_lines": [], "summary": {"covered_lines": 0, "num_statements": 3, "percent_covered": 0.0, "percent_covered_display": "0", "missing_lines": 3, "excluded_lines": 0}, "missing_lines": [53, 54, 56], "excluded_lines": []}, "BaseModel.__init__": {"executed_lines": [], "summary": {"covered_lines": 0, "num_statements": 8, "percent_covered": 0.0, "percent_covered_display": "0", "missing_lines": 8, "excluded_lines": 0}, "missing_lines": [74, 75, 76, 79, 86, 90, 91, 93], "excluded_lines": []}, "BaseModel.reset_stats": {"executed_lines": [], "summary": {"covered_lines": 0, "num_statements": 4, "percent_covered": 0.0, "percent_covered_display": "0", "missing_lines": 4, "excluded_lines": 0}, "missing_lines": [98, 99, 100, 102], "excluded_lines": []}, "BaseModel.update_stats": {"executed_lines": [], "summary": {"covered_lines": 0, "num_statements": 9, "percent_covered": 0.0, "percent_covered_display": "0", "missing_lines": 9, "excluded_lines": 0}, "missing_lines": [116, 120, 121, 122, 123, 124, 127, 133, 158], "excluded_lines": []}, "BaseModel.query": {"executed_lines": [], "summary": {"covered_lines": 0, "num_statements": 1, "percent_covered": 0.0, "percent_covered_display": "0", "missing_lines": 1, "excluded_lines": 0}, "missing_lines": [161], "excluded_lines": []}, "OpenAIModel.__init__": {"executed_lines": [], "summary": {"covered_lines": 0, "num_statements": 7, "percent_covered": 0.0, "percent_covered_display": "0", "missing_lines": 7, "excluded_lines": 0}, "missing_lines": [222, 224, 226, 227, 228, 229, 231], "excluded_lines": []}, "OpenAIModel.history_to_messages": {"executed_lines": [], "summary": {"covered_lines": 0, "num_statements": 4, "percent_covered": 0.0, "percent_covered_display": "0", "missing_lines": 4, "excluded_lines": 0}, "missing_lines": [240, 241, 242, 244], "excluded_lines": []}, "OpenAIModel.query": {"executed_lines": [], "summary": {"covered_lines": 0, "num_statements": 9, "percent_covered": 0.0, "percent_covered_display": "0", "missing_lines": 9, "excluded_lines": 0}, "missing_lines": [260, 261, 263, 267, 268, 269, 270, 272, 273], "excluded_lines": []}, "": {"executed_lines": [], "summary": {"covered_lines": 0, "num_statements": 45, "percent_covered": 0.0, "percent_covered_display": "0", "missing_lines": 45, "excluded_lines": 0}, "missing_lines": [1, 3, 4, 5, 6, 7, 16, 18, 21, 22, 23, 24, 25, 26, 27, 28, 29, 30, 33, 34, 35, 36, 37, 38, 39, 41, 52, 61, 62, 65, 66, 69, 70, 71, 73, 97, 104, 160, 164, 165, 209, 220, 233, 249, 255], "excluded_lines": []}}, "classes": {"ModelArguments": {"executed_lines": [], "summary": {"covered_lines": 0, "num_statements": 0, "percent_covered": 100.0, "percent_covered_display": "100", "missing_lines": 0, "excluded_lines": 0}, "missing_lines": [], "excluded_lines": []}, "APIStats": {"executed_lines": [], "summary": {"covered_lines": 0, "num_statements": 6, "percent_covered": 0.0, "percent_covered_display": "0", "missing_lines": 6, "excluded_lines": 0}, "missing_lines": [42, 43, 45, 53, 54, 56], "excluded_lines": []}, "ContextWindowExceededError": {"executed_lines": [], "summary": {"covered_lines": 0, "num_statements": 0, "percent_covered": 100.0, "percent_covered_display": "100", "missing_lines": 0, "excluded_lines": 0}, "missing_lines": [], "excluded_lines": []}, "CostLimitExceededError": {"executed_lines": [], "summary": {"covered_lines": 0, "num_statements": 0, "percent_covered": 100.0, "percent_covered_display": "100", "missing_lines": 0, "excluded_lines": 0}, "missing_lines": [], "excluded_lines": []}, "BaseModel": {"executed_lines": [], "summary": {"covered_lines": 0, "num_statements": 22, "percent_covered": 0.0, "percent_covered_display": "0", "missing_lines": 22, "excluded_lines": 0}, "missing_lines": [74, 75, 76, 79, 86, 90, 91, 93, 98, 99, 100, 102, 116, 120, 121, 122, 123, 124, 127, 133, 158, 161], "excluded_lines": []}, "OpenAIModel": {"executed_lines": [], "summary": {"covered_lines": 0, "num_statements": 20, "percent_covered": 0.0, "percent_covered_display": "0", "missing_lines": 20, "excluded_lines": 0}, "missing_lines": [222, 224, 226, 227, 228, 229, 231, 240, 241, 242, 244, 260, 261, 263, 267, 268, 269, 270, 272, 273], "excluded_lines": []}, "": {"executed_lines": [], "summary": {"covered_lines": 0, "num_statements": 45, "percent_covered": 0.0, "percent_covered_display": "0", "missing_lines": 45, "excluded_lines": 0}, "missing_lines": [1, 3, 4, 5, 6, 7, 16, 18, 21, 22, 23, 24, 25, 26, 27, 28, 29, 30, 33, 34, 35, 36, 37, 38, 39, 41, 52, 61, 62, 65, 66, 69, 70, 71, 73, 97, 104, 160, 164, 165, 209, 220, 233, 249, 255], "excluded_lines": []}}}, "cowboy_lib/llm/utils.py": {"executed_lines": [], "summary": {"covered_lines": 0, "num_statements": 26, "percent_covered": 0.0, "percent_covered_display": "0", "missing_lines": 26, "excluded_lines": 0}, "missing_lines": [1, 2, 4, 7, 8, 9, 10, 11, 14, 15, 16, 17, 18, 21, 22, 23, 24, 25, 28, 29, 30, 31, 32, 35, 36, 38], "excluded_lines": [], "functions": {"extract_yaml_code": {"executed_lines": [], "summary": {"covered_lines": 0, "num_statements": 4, "percent_covered": 0.0, "percent_covered_display": "0", "missing_lines": 4, "excluded_lines": 0}, "missing_lines": [15, 16, 17, 18], "excluded_lines": []}, "extract_python_code": {"executed_lines": [], "summary": {"covered_lines": 0, "num_statements": 4, "percent_covered": 0.0, "percent_covered_display": "0", "missing_lines": 4, "excluded_lines": 0}, "missing_lines": [22, 23, 24, 25], "excluded_lines": []}, "extract_json_code": {"executed_lines": [], "summary": {"covered_lines": 0, "num_statements": 4, "percent_covered": 0.0, "percent_covered_display": "0", "missing_lines": 4, "excluded_lines": 0}, "missing_lines": [29, 30, 31, 32], "excluded_lines": []}, "extract_test_functions": {"executed_lines": [], "summary": {"covered_lines": 0, "num_statements": 2, "percent_covered": 0.0, "percent_covered_display": "0", "missing_lines": 2, "excluded_lines": 0}, "missing_lines": [36, 38], "excluded_lines": []}, "": {"executed_lines": [], "summary": {"covered_lines": 0, "num_statements": 12, "percent_covered": 0.0, "percent_covered_display": "0", "missing_lines": 12, "excluded_lines": 0}, "missing_lines": [1, 2, 4, 7, 8, 9, 10, 11, 14, 21, 28, 35], "excluded_lines": []}}, "classes": {"LMModelSpec": {"executed_lines": [], "summary": {"covered_lines": 0, "num_statements": 0, "percent_covered": 100.0, "percent_covered_display": "100", "missing_lines": 0, "excluded_lines": 0}, "missing_lines": [], "excluded_lines": []}, "": {"executed_lines": [], "summary": {"covered_lines": 0, "num_statements": 26, "percent_covered": 0.0, "percent_covered_display": "0", "missing_lines": 26, "excluded_lines": 0}, "missing_lines": [1, 2, 4, 7, 8, 9, 10, 11, 14, 15, 16, 17, 18, 21, 22, 23, 24, 25, 28, 29, 30, 31, 32, 35, 36, 38], "excluded_lines": []}}}, "cowboy_lib/repo/__init__.py": {"executed_lines": [1, 8], "summary": {"covered_lines": 2, "num_statements": 2, "percent_covered": 100.0, "percent_covered_display": "100", "missing_lines": 0, "excluded_lines": 0}, "missing_lines": [], "excluded_lines": [], "functions": {"": {"executed_lines": [1, 8], "summary": {"covered_lines": 2, "num_statements": 2, "percent_covered": 100.0, "percent_covered_display": "100", "missing_lines": 0, "excluded_lines": 0}, "missing_lines": [], "excluded_lines": []}}, "classes": {"": {"executed_lines": [1, 8], "summary": {"covered_lines": 2, "num_statements": 2, "percent_covered": 100.0, "percent_covered_display": "100", "missing_lines": 0, "excluded_lines": 0}, "missing_lines": [], "excluded_lines": []}}}, "cowboy_lib/repo/diff.py": {"executed_lines": [1, 3, 4, 5, 6, 8, 11, 12, 15, 16, 20, 31, 45, 68, 84, 85, 86, 87, 88, 91, 92, 93, 94, 95, 98, 99, 108, 120, 126, 143, 220, 224, 225, 230, 231, 238, 254, 257, 260, 263, 264, 267, 306, 307, 310, 311, 314], "summary": {"covered_lines": 45, "num_statements": 157, "percent_covered": 28.662420382165607, "percent_covered_display": "29", "missing_lines": 112, "excluded_lines": 0}, "missing_lines": [21, 23, 24, 25, 26, 28, 29, 35, 36, 37, 38, 39, 40, 41, 43, 49, 52, 54, 55, 56, 57, 58, 60, 61, 64, 66, 76, 77, 78, 79, 81, 100, 101, 102, 106, 112, 113, 116, 117, 118, 124, 127, 128, 130, 131, 132, 133, 135, 136, 137, 138, 139, 141, 147, 169, 171, 173, 174, 176, 178, 179, 196, 197, 198, 200, 201, 202, 203, 204, 205, 207, 209, 218, 221, 243, 244, 245, 246, 247, 248, 249, 250, 251, 252, 255, 258, 261, 265, 271, 272, 273, 274, 308, 312, 320, 321, 322, 323, 325, 326, 327, 328, 330, 331, 332, 333, 335, 336, 337, 338, 340, 341], "excluded_lines": [], "functions": {"HunkChunk.__init__": {"executed_lines": [], "summary": {"covered_lines": 0, "num_statements": 7, "percent_covered": 0.0, "percent_covered_display": "0", "missing_lines": 7, "excluded_lines": 0}, "missing_lines": [21, 23, 24, 25, 26, 28, 29], "excluded_lines": []}, "HunkChunk._parse_hunk_lines": {"executed_lines": [], "summary": {"covered_lines": 0, "num_statements": 8, "percent_covered": 0.0, "percent_covered_display": "0", "missing_lines": 8, "excluded_lines": 0}, "missing_lines": [35, 36, 37, 38, 39, 40, 41, 43], "excluded_lines": []}, "HunkChunk._parse_hunk_header": {"executed_lines": [], "summary": {"covered_lines": 0, "num_statements": 7, "percent_covered": 0.0, "percent_covered_display": "0", "missing_lines": 7, "excluded_lines": 0}, "missing_lines": [49, 52, 54, 60, 61, 64, 66], "excluded_lines": []}, "HunkChunk._parse_hunk_header.convert_to_int": {"executed_lines": [], "summary": {"covered_lines": 0, "num_statements": 4, "percent_covered": 0.0, "percent_covered_display": "0", "missing_lines": 4, "excluded_lines": 0}, "missing_lines": [55, 56, 57, 58], "excluded_lines": []}, "HunkChunk._new_func_decl": {"executed_lines": [], "summary": {"covered_lines": 0, "num_statements": 5, "percent_covered": 0.0, "percent_covered_display": "0", "missing_lines": 5, "excluded_lines": 0}, "missing_lines": [76, 77, 78, 79, 81], "excluded_lines": []}, "Diff.__init__": {"executed_lines": [], "summary": {"covered_lines": 0, "num_statements": 4, "percent_covered": 0.0, "percent_covered_display": "0", "missing_lines": 4, "excluded_lines": 0}, "missing_lines": [100, 101, 102, 106], "excluded_lines": []}, "Diff._find_new_filepath": {"executed_lines": [], "summary": {"covered_lines": 0, "num_statements": 5, "percent_covered": 0.0, "percent_covered_display": "0", "missing_lines": 5, "excluded_lines": 0}, "missing_lines": [112, 113, 116, 117, 118], "excluded_lines": []}, "Diff.norm_path": {"executed_lines": [], "summary": {"covered_lines": 0, "num_statements": 1, "percent_covered": 0.0, "percent_covered_display": "0", "missing_lines": 1, "excluded_lines": 0}, "missing_lines": [124], "excluded_lines": []}, "Diff._parse_hunks": {"executed_lines": [], "summary": {"covered_lines": 0, "num_statements": 12, "percent_covered": 0.0, "percent_covered_display": "0", "missing_lines": 12, "excluded_lines": 0}, "missing_lines": [127, 128, 130, 131, 132, 133, 135, 136, 137, 138, 139, 141], "excluded_lines": []}, "Diff._parse_patch_attributes": {"executed_lines": [], "summary": {"covered_lines": 0, "num_statements": 20, "percent_covered": 0.0, "percent_covered_display": "0", "missing_lines": 20, "excluded_lines": 0}, "missing_lines": [147, 169, 171, 173, 174, 176, 178, 179, 196, 197, 198, 200, 201, 202, 203, 204, 205, 207, 209, 218], "excluded_lines": []}, "Diff.__str__": {"executed_lines": [], "summary": {"covered_lines": 0, "num_statements": 1, "percent_covered": 0.0, "percent_covered_display": "0", "missing_lines": 1, "excluded_lines": 0}, "missing_lines": [221], "excluded_lines": []}, "CommitDiff.__init__": {"executed_lines": [], "summary": {"covered_lines": 0, "num_statements": 10, "percent_covered": 0.0, "percent_covered_display": "0", "missing_lines": 10, "excluded_lines": 0}, "missing_lines": [243, 244, 245, 246, 247, 248, 249, 250, 251, 252], "excluded_lines": []}, "CommitDiff.code_diffs": {"executed_lines": [], "summary": {"covered_lines": 0, "num_statements": 1, "percent_covered": 0.0, "percent_covered_display": "0", "missing_lines": 1, "excluded_lines": 0}, "missing_lines": [255], "excluded_lines": []}, "CommitDiff.is_code_file": {"executed_lines": [], "summary": {"covered_lines": 0, "num_statements": 1, "percent_covered": 0.0, "percent_covered_display": "0", "missing_lines": 1, "excluded_lines": 0}, "missing_lines": [258], "excluded_lines": []}, "CommitDiff.is_test_file": {"executed_lines": [], "summary": {"covered_lines": 0, "num_statements": 1, "percent_covered": 0.0, "percent_covered_display": "0", "missing_lines": 1, "excluded_lines": 0}, "missing_lines": [261], "excluded_lines": []}, "CommitDiff.timestamp": {"executed_lines": [], "summary": {"covered_lines": 0, "num_statements": 1, "percent_covered": 0.0, "percent_covered_display": "0", "missing_lines": 1, "excluded_lines": 0}, "missing_lines": [265], "excluded_lines": []}, "CommitDiff.find_diff": {"executed_lines": [], "summary": {"covered_lines": 0, "num_statements": 4, "percent_covered": 0.0, "percent_covered_display": "0", "missing_lines": 4, "excluded_lines": 0}, "missing_lines": [271, 272, 273, 274], "excluded_lines": []}, "CommitDiff.test_files": {"executed_lines": [], "summary": {"covered_lines": 0, "num_statements": 1, "percent_covered": 0.0, "percent_covered_display": "0", "missing_lines": 1, "excluded_lines": 0}, "missing_lines": [308], "excluded_lines": []}, "CommitDiff.code_files": {"executed_lines": [], "summary": {"covered_lines": 0, "num_statements": 1, "percent_covered": 0.0, "percent_covered_display": "0", "missing_lines": 1, "excluded_lines": 0}, "missing_lines": [312], "excluded_lines": []}, "CommitDiff._segment_diffs": {"executed_lines": [], "summary": {"covered_lines": 0, "num_statements": 18, "percent_covered": 0.0, "percent_covered_display": "0", "missing_lines": 18, "excluded_lines": 0}, "missing_lines": [320, 321, 322, 323, 325, 326, 327, 328, 330, 331, 332, 333, 335, 336, 337, 338, 340, 341], "excluded_lines": []}, "": {"executed_lines": [1, 3, 4, 5, 6, 8, 11, 12, 15, 16, 20, 31, 45, 68, 84, 85, 86, 87, 88, 91, 92, 93, 94, 95, 98, 99, 108, 120, 126, 143, 220, 224, 225, 230, 231, 238, 254, 257, 260, 263, 264, 267, 306, 307, 310, 311, 314], "summary": {"covered_lines": 45, "num_statements": 45, "percent_covered": 100.0, "percent_covered_display": "100", "missing_lines": 0, "excluded_lines": 0}, "missing_lines": [], "excluded_lines": []}}, "classes": {"NoTestCtxtException": {"executed_lines": [], "summary": {"covered_lines": 0, "num_statements": 0, "percent_covered": 100.0, "percent_covered_display": "100", "missing_lines": 0, "excluded_lines": 0}, "missing_lines": [], "excluded_lines": []}, "HunkChunk": {"executed_lines": [], "summary": {"covered_lines": 0, "num_statements": 31, "percent_covered": 0.0, "percent_covered_display": "0", "missing_lines": 31, "excluded_lines": 0}, "missing_lines": [21, 23, 24, 25, 26, 28, 29, 35, 36, 37, 38, 39, 40, 41, 43, 49, 52, 54, 55, 56, 57, 58, 60, 61, 64, 66, 76, 77, 78, 79, 81], "excluded_lines": []}, "DiffMode": {"executed_lines": [], "summary": {"covered_lines": 0, "num_statements": 0, "percent_covered": 100.0, "percent_covered_display": "100", "missing_lines": 0, "excluded_lines": 0}, "missing_lines": [], "excluded_lines": []}, "DiffAttr": {"executed_lines": [], "summary": {"covered_lines": 0, "num_statements": 0, "percent_covered": 100.0, "percent_covered_display": "100", "missing_lines": 0, "excluded_lines": 0}, "missing_lines": [], "excluded_lines": []}, "Diff": {"executed_lines": [], "summary": {"covered_lines": 0, "num_statements": 43, "percent_covered": 0.0, "percent_covered_display": "0", "missing_lines": 43, "excluded_lines": 0}, "missing_lines": [100, 101, 102, 106, 112, 113, 116, 117, 118, 124, 127, 128, 130, 131, 132, 133, 135, 136, 137, 138, 139, 141, 147, 169, 171, 173, 174, 176, 178, 179, 196, 197, 198, 200, 201, 202, 203, 204, 205, 207, 209, 218, 221], "excluded_lines": []}, "DiffsNotFoundException": {"executed_lines": [], "summary": {"covered_lines": 0, "num_statements": 0, "percent_covered": 100.0, "percent_covered_display": "100", "missing_lines": 0, "excluded_lines": 0}, "missing_lines": [], "excluded_lines": []}, "CommitDiff": {"executed_lines": [], "summary": {"covered_lines": 0, "num_statements": 38, "percent_covered": 0.0, "percent_covered_display": "0", "missing_lines": 38, "excluded_lines": 0}, "missing_lines": [243, 244, 245, 246, 247, 248, 249, 250, 251, 252, 255, 258, 261, 265, 271, 272, 273, 274, 308, 312, 320, 321, 322, 323, 325, 326, 327, 328, 330, 331, 332, 333, 335, 336, 337, 338, 340, 341], "excluded_lines": []}, "": {"executed_lines": [1, 3, 4, 5, 6, 8, 11, 12, 15, 16, 20, 31, 45, 68, 84, 85, 86, 87, 88, 91, 92, 93, 94, 95, 98, 99, 108, 120, 126, 143, 220, 224, 225, 230, 231, 238, 254, 257, 260, 263, 264, 267, 306, 307, 310, 311, 314], "summary": {"covered_lines": 45, "num_statements": 45, "percent_covered": 100.0, "percent_covered_display": "100", "missing_lines": 0, "excluded_lines": 0}, "missing_lines": [], "excluded_lines": []}}}, "cowboy_lib/repo/repository.py": {"executed_lines": [1, 2, 4, 5, 6, 7, 8, 9, 10, 11, 12, 13, 14, 16, 19, 20, 23, 24, 27, 48, 49, 53, 87, 88, 98, 99, 113, 120, 126, 136, 142, 148, 160, 170, 186, 198, 210, 211, 220, 221, 225, 245, 248, 252, 257, 300, 301, 304, 305, 308, 309, 310, 311, 314, 315, 319, 335, 350, 372, 373, 377, 382, 389, 406, 414, 421, 422, 427, 431, 438, 451], "summary": {"covered_lines": 67, "num_statements": 243, "percent_covered": 27.57201646090535, "percent_covered_display": "28", "missing_lines": 176, "excluded_lines": 0}, "missing_lines": [38, 41, 42, 43, 45, 54, 56, 59, 60, 61, 62, 64, 65, 66, 68, 69, 70, 71, 72, 73, 74, 76, 77, 78, 79, 80, 82, 83, 85, 92, 93, 95, 96, 103, 105, 106, 108, 109, 111, 117, 118, 121, 123, 124, 130, 131, 132, 133, 134, 140, 146, 152, 153, 154, 156, 157, 158, 164, 165, 167, 168, 176, 177, 182, 184, 190, 191, 193, 195, 196, 202, 203, 204, 205, 206, 208, 215, 216, 218, 222, 229, 230, 231, 232, 234, 237, 238, 240, 241, 242, 243, 246, 249, 250, 253, 254, 255, 275, 276, 277, 280, 281, 282, 285, 286, 287, 288, 289, 290, 291, 293, 294, 297, 322, 324, 325, 326, 328, 329, 330, 331, 333, 336, 337, 338, 339, 340, 341, 342, 345, 347, 348, 351, 352, 354, 355, 357, 358, 364, 365, 367, 368, 369, 378, 379, 380, 386, 387, 393, 394, 397, 398, 400, 401, 404, 411, 412, 418, 428, 429, 435, 436, 442, 444, 445, 446, 448, 449, 455, 456, 457, 458, 459, 460, 461, 463], "excluded_lines": [], "functions": {"del_file": {"executed_lines": [], "summary": {"covered_lines": 0, "num_statements": 5, "percent_covered": 0.0, "percent_covered_display": "0", "missing_lines": 5, "excluded_lines": 0}, "missing_lines": [38, 41, 42, 43, 45], "excluded_lines": []}, "GitRepo.__init__": {"executed_lines": [], "summary": {"covered_lines": 0, "num_statements": 24, "percent_covered": 0.0, "percent_covered_display": "0", "missing_lines": 24, "excluded_lines": 0}, "missing_lines": [54, 56, 59, 60, 61, 62, 64, 65, 66, 68, 69, 70, 71, 72, 73, 74, 76, 77, 78, 79, 80, 82, 83, 85], "excluded_lines": []}, "GitRepo.clone_repo": {"executed_lines": [], "summary": {"covered_lines": 0, "num_statements": 4, "percent_covered": 0.0, "percent_covered_display": "0", "missing_lines": 4, "excluded_lines": 0}, "missing_lines": [92, 93, 95, 96], "excluded_lines": []}, "GitRepo.delete_repo": {"executed_lines": [], "summary": {"covered_lines": 0, "num_statements": 6, "percent_covered": 0.0, "percent_covered_display": "0", "missing_lines": 6, "excluded_lines": 0}, "missing_lines": [103, 105, 106, 108, 109, 111], "excluded_lines": []}, "GitRepo.reset_to_commit": {"executed_lines": [], "summary": {"covered_lines": 0, "num_statements": 2, "percent_covered": 0.0, "percent_covered_display": "0", "missing_lines": 2, "excluded_lines": 0}, "missing_lines": [117, 118], "excluded_lines": []}, "GitRepo.reset_to_commit_head": {"executed_lines": [], "summary": {"covered_lines": 0, "num_statements": 3, "percent_covered": 0.0, "percent_covered_display": "0", "missing_lines": 3, "excluded_lines": 0}, "missing_lines": [121, 123, 124], "excluded_lines": []}, "GitRepo.commit_exists": {"executed_lines": [], "summary": {"covered_lines": 0, "num_statements": 5, "percent_covered": 0.0, "percent_covered_display": "0", "missing_lines": 5, "excluded_lines": 0}, "missing_lines": [130, 131, 132, 133, 134], "excluded_lines": []}, "GitRepo.get_curr_commit": {"executed_lines": [], "summary": {"covered_lines": 0, "num_statements": 1, "percent_covered": 0.0, "percent_covered_display": "0", "missing_lines": 1, "excluded_lines": 0}, "missing_lines": [140], "excluded_lines": []}, "GitRepo.get_prev_commit": {"executed_lines": [], "summary": {"covered_lines": 0, "num_statements": 1, "percent_covered": 0.0, "percent_covered_display": "0", "missing_lines": 1, "excluded_lines": 0}, "missing_lines": [146], "excluded_lines": []}, "GitRepo.apply_patch": {"executed_lines": [], "summary": {"covered_lines": 0, "num_statements": 6, "percent_covered": 0.0, "percent_covered_display": "0", "missing_lines": 6, "excluded_lines": 0}, "missing_lines": [152, 153, 154, 156, 157, 158], "excluded_lines": []}, "GitRepo.reverse_patch": {"executed_lines": [], "summary": {"covered_lines": 0, "num_statements": 4, "percent_covered": 0.0, "percent_covered_display": "0", "missing_lines": 4, "excluded_lines": 0}, "missing_lines": [164, 165, 167, 168], "excluded_lines": []}, "GitRepo.branch_exists": {"executed_lines": [], "summary": {"covered_lines": 0, "num_statements": 4, "percent_covered": 0.0, "percent_covered_display": "0", "missing_lines": 4, "excluded_lines": 0}, "missing_lines": [176, 177, 182, 184], "excluded_lines": []}, "GitRepo.checkout": {"executed_lines": [], "summary": {"covered_lines": 0, "num_statements": 5, "percent_covered": 0.0, "percent_covered_display": "0", "missing_lines": 5, "excluded_lines": 0}, "missing_lines": [190, 191, 193, 195, 196], "excluded_lines": []}, "GitRepo.clean_branches": {"executed_lines": [], "summary": {"covered_lines": 0, "num_statements": 6, "percent_covered": 0.0, "percent_covered_display": "0", "missing_lines": 6, "excluded_lines": 0}, "missing_lines": [202, 203, 204, 205, 206, 208], "excluded_lines": []}, "GitRepo.remote_commit": {"executed_lines": [], "summary": {"covered_lines": 0, "num_statements": 3, "percent_covered": 0.0, "percent_covered_display": "0", "missing_lines": 3, "excluded_lines": 0}, "missing_lines": [215, 216, 218], "excluded_lines": []}, "GitRepo.local_commit": {"executed_lines": [], "summary": {"covered_lines": 0, "num_statements": 1, "percent_covered": 0.0, "percent_covered_display": "0", "missing_lines": 1, "excluded_lines": 0}, "missing_lines": [222], "excluded_lines": []}, "GitRepo.fetch_diffs": {"executed_lines": [], "summary": {"covered_lines": 0, "num_statements": 11, "percent_covered": 0.0, "percent_covered_display": "0", "missing_lines": 11, "excluded_lines": 0}, "missing_lines": [229, 230, 231, 232, 234, 237, 238, 240, 241, 242, 243], "excluded_lines": []}, "GitRepo.pull": {"executed_lines": [], "summary": {"covered_lines": 0, "num_statements": 1, "percent_covered": 0.0, "percent_covered_display": "0", "missing_lines": 1, "excluded_lines": 0}, "missing_lines": [246], "excluded_lines": []}, "GitRepo.add_n_commit": {"executed_lines": [], "summary": {"covered_lines": 0, "num_statements": 2, "percent_covered": 0.0, "percent_covered_display": "0", "missing_lines": 2, "excluded_lines": 0}, "missing_lines": [249, 250], "excluded_lines": []}, "GitRepo.push": {"executed_lines": [], "summary": {"covered_lines": 0, "num_statements": 3, "percent_covered": 0.0, "percent_covered_display": "0", "missing_lines": 3, "excluded_lines": 0}, "missing_lines": [253, 254, 255], "excluded_lines": []}, "GitRepo.checkout_and_push": {"executed_lines": [], "summary": {"covered_lines": 0, "num_statements": 16, "percent_covered": 0.0, "percent_covered_display": "0", "missing_lines": 16, "excluded_lines": 0}, "missing_lines": [275, 276, 277, 280, 281, 282, 285, 286, 287, 288, 289, 290, 291, 293, 294, 297], "excluded_lines": []}, "PatchFileContext.__init__": {"executed_lines": [], "summary": {"covered_lines": 0, "num_statements": 9, "percent_covered": 0.0, "percent_covered_display": "0", "missing_lines": 9, "excluded_lines": 0}, "missing_lines": [322, 324, 325, 326, 328, 329, 330, 331, 333], "excluded_lines": []}, "PatchFileContext.__enter__": {"executed_lines": [], "summary": {"covered_lines": 0, "num_statements": 10, "percent_covered": 0.0, "percent_covered_display": "0", "missing_lines": 10, "excluded_lines": 0}, "missing_lines": [336, 337, 338, 339, 340, 341, 342, 345, 347, 348], "excluded_lines": []}, "PatchFileContext.__exit__": {"executed_lines": [], "summary": {"covered_lines": 0, "num_statements": 11, "percent_covered": 0.0, "percent_covered_display": "0", "missing_lines": 11, "excluded_lines": 0}, "missing_lines": [351, 352, 354, 355, 357, 358, 364, 365, 367, 368, 369], "excluded_lines": []}, "ResetLocalCommitContext.__init__": {"executed_lines": [], "summary": {"covered_lines": 0, "num_statements": 3, "percent_covered": 0.0, "percent_covered_display": "0", "missing_lines": 3, "excluded_lines": 0}, "missing_lines": [378, 379, 380], "excluded_lines": []}, "ResetLocalCommitContext.__enter__": {"executed_lines": [], "summary": {"covered_lines": 0, "num_statements": 2, "percent_covered": 0.0, "percent_covered_display": "0", "missing_lines": 2, "excluded_lines": 0}, "missing_lines": [386, 387], "excluded_lines": []}, "ResetLocalCommitContext.__exit__": {"executed_lines": [], "summary": {"covered_lines": 0, "num_statements": 7, "percent_covered": 0.0, "percent_covered_display": "0", "missing_lines": 7, "excluded_lines": 0}, "missing_lines": [393, 394, 397, 398, 400, 401, 404], "excluded_lines": []}, "ResetLocalCommitContext._add_files": {"executed_lines": [], "summary": {"covered_lines": 0, "num_statements": 2, "percent_covered": 0.0, "percent_covered_display": "0", "missing_lines": 2, "excluded_lines": 0}, "missing_lines": [411, 412], "excluded_lines": []}, "ResetLocalCommitContext.reset_to_commit": {"executed_lines": [], "summary": {"covered_lines": 0, "num_statements": 1, "percent_covered": 0.0, "percent_covered_display": "0", "missing_lines": 1, "excluded_lines": 0}, "missing_lines": [418], "excluded_lines": []}, "ResetRemoteCommitContext.__init__": {"executed_lines": [], "summary": {"covered_lines": 0, "num_statements": 2, "percent_covered": 0.0, "percent_covered_display": "0", "missing_lines": 2, "excluded_lines": 0}, "missing_lines": [428, 429], "excluded_lines": []}, "ResetRemoteCommitContext.__enter__": {"executed_lines": [], "summary": {"covered_lines": 0, "num_statements": 2, "percent_covered": 0.0, "percent_covered_display": "0", "missing_lines": 2, "excluded_lines": 0}, "missing_lines": [435, 436], "excluded_lines": []}, "ResetRemoteCommitContext.__exit__": {"executed_lines": [], "summary": {"covered_lines": 0, "num_statements": 6, "percent_covered": 0.0, "percent_covered_display": "0", "missing_lines": 6, "excluded_lines": 0}, "missing_lines": [442, 444, 445, 446, 448, 449], "excluded_lines": []}, "ResetRemoteCommitContext.add_commit_push": {"executed_lines": [], "summary": {"covered_lines": 0, "num_statements": 8, "percent_covered": 0.0, "percent_covered_display": "0", "missing_lines": 8, "excluded_lines": 0}, "missing_lines": [455, 456, 457, 458, 459, 460, 461, 463], "excluded_lines": []}, "": {"executed_lines": [1, 2, 4, 5, 6, 7, 8, 9, 10, 11, 12, 13, 14, 16, 19, 20, 23, 24, 27, 48, 49, 53, 87, 88, 98, 99, 113, 120, 126, 136, 142, 148, 160, 170, 186, 198, 210, 211, 220, 221, 225, 245, 248, 252, 257, 300, 301, 304, 305, 308, 309, 310, 311, 314, 315, 319, 335, 350, 372, 373, 377, 382, 389, 406, 414, 421, 422, 427, 431, 438, 451], "summary": {"covered_lines": 67, "num_statements": 67, "percent_covered": 100.0, "percent_covered_display": "100", "missing_lines": 0, "excluded_lines": 0}, "missing_lines": [], "excluded_lines": []}}, "classes": {"NoRemoteException": {"executed_lines": [], "summary": {"covered_lines": 0, "num_statements": 0, "percent_covered": 100.0, "percent_covered_display": "100", "missing_lines": 0, "excluded_lines": 0}, "missing_lines": [], "excluded_lines": []}, "NoMainBranch": {"executed_lines": [], "summary": {"covered_lines": 0, "num_statements": 0, "percent_covered": 100.0, "percent_covered_display": "100", "missing_lines": 0, "excluded_lines": 0}, "missing_lines": [], "excluded_lines": []}, "GitRepo": {"executed_lines": [], "summary": {"covered_lines": 0, "num_statements": 108, "percent_covered": 0.0, "percent_covered_display": "0", "missing_lines": 108, "excluded_lines": 0}, "missing_lines": [54, 56, 59, 60, 61, 62, 64, 65, 66, 68, 69, 70, 71, 72, 73, 74, 76, 77, 78, 79, 80, 82, 83, 85, 92, 93, 95, 96, 103, 105, 106, 108, 109, 111, 117, 118, 121, 123, 124, 130, 131, 132, 133, 134, 140, 146, 152, 153, 154, 156, 157, 158, 164, 165, 167, 168, 176, 177, 182, 184, 190, 191, 193, 195, 196, 202, 203, 204, 205, 206, 208, 215, 216, 218, 222, 229, 230, 231, 232, 234, 237, 238, 240, 241, 242, 243, 246, 249, 250, 253, 254, 255, 275, 276, 277, 280, 281, 282, 285, 286, 287, 288, 289, 290, 291, 293, 294, 297], "excluded_lines": []}, "PatchApplyExcepion": {"executed_lines": [], "summary": {"covered_lines": 0, "num_statements": 0, "percent_covered": 100.0, "percent_covered_display": "100", "missing_lines": 0, "excluded_lines": 0}, "missing_lines": [], "excluded_lines": []}, "IncompatibleCommit": {"executed_lines": [], "summary": {"covered_lines": 0, "num_statements": 0, "percent_covered": 100.0, "percent_covered_display": "100", "missing_lines": 0, "excluded_lines": 0}, "missing_lines": [], "excluded_lines": []}, "PatchFile": {"executed_lines": [], "summary": {"covered_lines": 0, "num_statements": 0, "percent_covered": 100.0, "percent_covered_display": "100", "missing_lines": 0, "excluded_lines": 0}, "missing_lines": [], "excluded_lines": []}, "PatchFileContext": {"executed_lines": [], "summary": {"covered_lines": 0, "num_statements": 30, "percent_covered": 0.0, "percent_covered_display": "0", "missing_lines": 30, "excluded_lines": 0}, "missing_lines": [322, 324, 325, 326, 328, 329, 330, 331, 333, 336, 337, 338, 339, 340, 341, 342, 345, 347, 348, 351, 352, 354, 355, 357, 358, 364, 365, 367, 368, 369], "excluded_lines": []}, "ResetLocalCommitContext": {"executed_lines": [], "summary": {"covered_lines": 0, "num_statements": 15, "percent_covered": 0.0, "percent_covered_display": "0", "missing_lines": 15, "excluded_lines": 0}, "missing_lines": [378, 379, 380, 386, 387, 393, 394, 397, 398, 400, 401, 404, 411, 412, 418], "excluded_lines": []}, "ResetRemoteCommitContext": {"executed_lines": [], "summary": {"covered_lines": 0, "num_statements": 18, "percent_covered": 0.0, "percent_covered_display": "0", "missing_lines": 18, "excluded_lines": 0}, "missing_lines": [428, 429, 435, 436, 442, 444, 445, 446, 448, 449, 455, 456, 457, 458, 459, 460, 461, 463], "excluded_lines": []}, "": {"executed_lines": [1, 2, 4, 5, 6, 7, 8, 9, 10, 11, 12, 13, 14, 16, 19, 20, 23, 24, 27, 48, 49, 53, 87, 88, 98, 99, 113, 120, 126, 136, 142, 148, 160, 170, 186, 198, 210, 211, 220, 221, 225, 245, 248, 252, 257, 300, 301, 304, 305, 308, 309, 310, 311, 314, 315, 319, 335, 350, 372, 373, 377, 382, 389, 406, 414, 421, 422, 427, 431, 438, 451], "summary": {"covered_lines": 67, "num_statements": 72, "percent_covered": 93.05555555555556, "percent_covered_display": "93", "missing_lines": 5, "excluded_lines": 0}, "missing_lines": [38, 41, 42, 43, 45], "excluded_lines": []}}}, "cowboy_lib/repo/runner.py": {"executed_lines": [], "summary": {"covered_lines": 0, "num_statements": 14, "percent_covered": 0.0, "percent_covered_display": "0", "missing_lines": 14, "excluded_lines": 0}, "missing_lines": [1, 2, 3, 5, 8, 13, 14, 18, 20, 29, 31, 35, 37, 41], "excluded_lines": [], "functions": {"Runner.run_test": {"executed_lines": [], "summary": {"covered_lines": 0, "num_statements": 1, "percent_covered": 0.0, "percent_covered_display": "0", "missing_lines": 1, "excluded_lines": 0}, "missing_lines": [18], "excluded_lines": []}, "Runner._construct_cmd": {"executed_lines": [], "summary": {"covered_lines": 0, "num_statements": 1, "percent_covered": 0.0, "percent_covered_display": "0", "missing_lines": 1, "excluded_lines": 0}, "missing_lines": [29], "excluded_lines": []}, "Runner._get_include_tests_arg_str": {"executed_lines": [], "summary": {"covered_lines": 0, "num_statements": 1, "percent_covered": 0.0, "percent_covered_display": "0", "missing_lines": 1, "excluded_lines": 0}, "missing_lines": [35], "excluded_lines": []}, "Runner._get_exclude_tests_arg_str": {"executed_lines": [], "summary": {"covered_lines": 0, "num_statements": 1, "percent_covered": 0.0, "percent_covered_display": "0", "missing_lines": 1, "excluded_lines": 0}, "missing_lines": [41], "excluded_lines": []}, "": {"executed_lines": [], "summary": {"covered_lines": 0, "num_statements": 10, "percent_covered": 0.0, "percent_covered_display": "0", "missing_lines": 10, "excluded_lines": 0}, "missing_lines": [1, 2, 3, 5, 8, 13, 14, 20, 31, 37], "excluded_lines": []}}, "classes": {"Runner": {"executed_lines": [], "summary": {"covered_lines": 0, "num_statements": 4, "percent_covered": 0.0, "percent_covered_display": "0", "missing_lines": 4, "excluded_lines": 0}, "missing_lines": [18, 29, 35, 41], "excluded_lines": []}, "": {"executed_lines": [], "summary": {"covered_lines": 0, "num_statements": 10, "percent_covered": 0.0, "percent_covered_display": "0", "missing_lines": 10, "excluded_lines": 0}, "missing_lines": [1, 2, 3, 5, 8, 13, 14, 20, 31, 37], "excluded_lines": []}}}, "cowboy_lib/repo/source_file.py": {"executed_lines": [1, 2, 3, 5, 6, 7, 9, 10, 12, 15, 16, 19, 20, 23, 24, 27, 28, 31, 32, 48, 51, 52, 55, 66, 69, 81, 87, 93, 118, 130, 158, 176, 210, 221, 228, 231, 238, 244, 245, 251, 252, 255, 256, 259, 262, 265, 268], "summary": {"covered_lines": 47, "num_statements": 139, "percent_covered": 33.81294964028777, "percent_covered_display": "34", "missing_lines": 92, "excluded_lines": 0}, "missing_lines": [38, 39, 41, 42, 43, 44, 46, 49, 53, 59, 62, 63, 64, 67, 70, 71, 73, 74, 75, 77, 85, 91, 99, 101, 102, 104, 105, 108, 109, 116, 123, 124, 126, 128, 134, 135, 136, 138, 143, 144, 146, 148, 149, 150, 151, 153, 155, 162, 163, 165, 167, 169, 170, 171, 172, 174, 180, 181, 183, 184, 185, 190, 191, 193, 199, 200, 201, 202, 203, 205, 206, 208, 216, 217, 218, 219, 226, 229, 232, 233, 234, 235, 236, 239, 246, 253, 257, 260, 263, 266, 272, 274], "excluded_lines": [], "functions": {"SourceFile.__init__": {"executed_lines": [], "summary": {"covered_lines": 0, "num_statements": 7, "percent_covered": 0.0, "percent_covered_display": "0", "missing_lines": 7, "excluded_lines": 0}, "missing_lines": [38, 39, 41, 42, 43, 44, 46], "excluded_lines": []}, "SourceFile.clone": {"executed_lines": [], "summary": {"covered_lines": 0, "num_statements": 1, "percent_covered": 0.0, "percent_covered_display": "0", "missing_lines": 1, "excluded_lines": 0}, "missing_lines": [49], "excluded_lines": []}, "SourceFile.path": {"executed_lines": [], "summary": {"covered_lines": 0, "num_statements": 1, "percent_covered": 0.0, "percent_covered_display": "0", "missing_lines": 1, "excluded_lines": 0}, "missing_lines": [53], "excluded_lines": []}, "SourceFile.update_file_state": {"executed_lines": [], "summary": {"covered_lines": 0, "num_statements": 4, "percent_covered": 0.0, "percent_covered_display": "0", "missing_lines": 4, "excluded_lines": 0}, "missing_lines": [59, 62, 63, 64], "excluded_lines": []}, "SourceFile.__repr__": {"executed_lines": [], "summary": {"covered_lines": 0, "num_statements": 1, "percent_covered": 0.0, "percent_covered_display": "0", "missing_lines": 1, "excluded_lines": 0}, "missing_lines": [67], "excluded_lines": []}, "SourceFile.diff": {"executed_lines": [], "summary": {"covered_lines": 0, "num_statements": 6, "percent_covered": 0.0, "percent_covered_display": "0", "missing_lines": 6, "excluded_lines": 0}, "missing_lines": [70, 71, 73, 74, 75, 77], "excluded_lines": []}, "SourceFile.find_class": {"executed_lines": [], "summary": {"covered_lines": 0, "num_statements": 1, "percent_covered": 0.0, "percent_covered_display": "0", "missing_lines": 1, "excluded_lines": 0}, "missing_lines": [85], "excluded_lines": []}, "SourceFile.find_function": {"executed_lines": [], "summary": {"covered_lines": 0, "num_statements": 1, "percent_covered": 0.0, "percent_covered_display": "0", "missing_lines": 1, "excluded_lines": 0}, "missing_lines": [91], "excluded_lines": []}, "SourceFile.find_by_nodetype": {"executed_lines": [], "summary": {"covered_lines": 0, "num_statements": 8, "percent_covered": 0.0, "percent_covered_display": "0", "missing_lines": 8, "excluded_lines": 0}, "missing_lines": [99, 101, 102, 104, 105, 108, 109, 116], "excluded_lines": []}, "SourceFile.find_indent": {"executed_lines": [], "summary": {"covered_lines": 0, "num_statements": 4, "percent_covered": 0.0, "percent_covered_display": "0", "missing_lines": 4, "excluded_lines": 0}, "missing_lines": [123, 124, 126, 128], "excluded_lines": []}, "SourceFile.append": {"executed_lines": [], "summary": {"covered_lines": 0, "num_statements": 13, "percent_covered": 0.0, "percent_covered_display": "0", "missing_lines": 13, "excluded_lines": 0}, "missing_lines": [134, 135, 136, 138, 143, 144, 146, 148, 149, 150, 151, 153, 155], "excluded_lines": []}, "SourceFile.delete": {"executed_lines": [], "summary": {"covered_lines": 0, "num_statements": 9, "percent_covered": 0.0, "percent_covered_display": "0", "missing_lines": 9, "excluded_lines": 0}, "missing_lines": [162, 163, 165, 167, 169, 170, 171, 172, 174], "excluded_lines": []}, "SourceFile.to_linted_code": {"executed_lines": [], "summary": {"covered_lines": 0, "num_statements": 16, "percent_covered": 0.0, "percent_covered_display": "0", "missing_lines": 16, "excluded_lines": 0}, "missing_lines": [180, 181, 183, 184, 185, 190, 191, 193, 199, 200, 201, 202, 203, 205, 206, 208], "excluded_lines": []}, "SourceFile.map_line_to_node": {"executed_lines": [], "summary": {"covered_lines": 0, "num_statements": 4, "percent_covered": 0.0, "percent_covered_display": "0", "missing_lines": 4, "excluded_lines": 0}, "missing_lines": [216, 217, 218, 219], "excluded_lines": []}, "SourceFile.to_code": {"executed_lines": [], "summary": {"covered_lines": 0, "num_statements": 1, "percent_covered": 0.0, "percent_covered_display": "0", "missing_lines": 1, "excluded_lines": 0}, "missing_lines": [226], "excluded_lines": []}, "SourceFile.to_num_line
[...]
0", "missing_lines": 0, "excluded_lines": 0}, "missing_lines": [], "excluded_lines": []}}}, "src/token_registry.py": {"executed_lines": [], "summary": {"covered_lines": 0, "num_statements": 1, "percent_covered": 0.0, "percent_covered_display": "0", "missing_lines": 1, "excluded_lines": 0}, "missing_lines": [1], "excluded_lines": [], "functions": {"": {"executed_lines": [], "summary": {"covered_lines": 0, "num_statements": 1, "percent_covered": 0.0, "percent_covered_display": "0", "missing_lines": 1, "excluded_lines": 0}, "missing_lines": [1], "excluded_lines": []}}, "classes": {"": {"executed_lines": [], "summary": {"covered_lines": 0, "num_statements": 1, "percent_covered": 0.0, "percent_covered_display": "0", "missing_lines": 1, "excluded_lines": 0}, "missing_lines": [1], "excluded_lines": []}}}, "src/utils.py": {"executed_lines": [1, 2, 3, 4, 5, 6, 7, 8, 9, 10, 11, 12, 14, 18, 20, 26, 30, 38, 46, 53, 66, 76, 77, 78, 87, 89, 93, 97, 101, 105], "summary": {"covered_lines": 30, "num_statements": 64, "percent_covered": 46.875, "percent_covered_display": "47", "missing_lines": 34, "excluded_lines": 0}, "missing_lines": [22, 23, 24, 32, 33, 34, 35, 43, 50, 54, 55, 56, 57, 58, 59, 62, 64, 68, 69, 70, 71, 72, 73, 74, 79, 80, 81, 82, 85, 91, 95, 99, 103, 107], "excluded_lines": [], "functions": {"str_presenter": {"executed_lines": [], "summary": {"covered_lines": 0, "num_statements": 3, "percent_covered": 0.0, "percent_covered_display": "0", "missing_lines": 3, "excluded_lines": 0}, "missing_lines": [22, 23, 24], "excluded_lines": []}, "resolve_attr": {"executed_lines": [], "summary": {"covered_lines": 0, "num_statements": 4, "percent_covered": 0.0, "percent_covered_display": "0", "missing_lines": 4, "excluded_lines": 0}, "missing_lines": [32, 33, 34, 35], "excluded_lines": []}, "gen_random_name": {"executed_lines": [], "summary": {"covered_lines": 0, "num_statements": 1, "percent_covered": 0.0, "percent_covered_display": "0", "missing_lines": 1, "excluded_lines": 0}, "missing_lines": [43], "excluded_lines": []}, "generate_id": {"executed_lines": [], "summary": {"covered_lines": 0, "num_statements": 1, "percent_covered": 0.0, "percent_covered_display": "0", "missing_lines": 1, "excluded_lines": 0}, "missing_lines": [50], "excluded_lines": []}, "async_timed": {"executed_lines": [], "summary": {"covered_lines": 0, "num_statements": 2, "percent_covered": 0.0, "percent_covered_display": "0", "missing_lines": 2, "excluded_lines": 0}, "missing_lines": [55, 64], "excluded_lines": []}, "async_timed.wrapper": {"executed_lines": [], "summary": {"covered_lines": 0, "num_statements": 5, "percent_covered": 0.0, "percent_covered_display": "0", "missing_lines": 5, "excluded_lines": 0}, "missing_lines": [56, 57, 58, 59, 62], "excluded_lines": []}, "confirm_action": {"executed_lines": [], "summary": {"covered_lines": 0, "num_statements": 7, "percent_covered": 0.0, "percent_covered_display": "0", "missing_lines": 7, "excluded_lines": 0}, "missing_lines": [68, 69, 70, 71, 72, 73, 74], "excluded_lines": []}, "sync_timed": {"executed_lines": [78, 87], "summary": {"covered_lines": 2, "num_statements": 2, "percent_covered": 100.0, "percent_covered_display": "100", "missing_lines": 0, "excluded_lines": 0}, "missing_lines": [], "excluded_lines": []}, "sync_timed.wrapper": {"executed_lines": [], "summary": {"covered_lines": 0, "num_statements": 5, "percent_covered": 0.0, "percent_covered_display": "0", "missing_lines": 5, "excluded_lines": 0}, "missing_lines": [79, 80, 81, 82, 85], "excluded_lines": []}, "get_repo_head": {"executed_lines": [], "summary": {"covered_lines": 0, "num_statements": 1, "percent_covered": 0.0, "percent_covered_display": "0", "missing_lines": 1, "excluded_lines": 0}, "missing_lines": [91], "excluded_lines": []}, "cyan_text": {"executed_lines": [], "summary": {"covered_lines": 0, "num_statements": 1, "percent_covered": 0.0, "percent_covered_display": "0", "missing_lines": 1, "excluded_lines": 0}, "missing_lines": [95], "excluded_lines": []}, "green_text": {"executed_lines": [], "summary": {"covered_lines": 0, "num_statements": 1, "percent_covered": 0.0, "percent_covered_display": "0", "missing_lines": 1, "excluded_lines": 0}, "missing_lines": [99], "excluded_lines": []}, "red_text": {"executed_lines": [], "summary": {"covered_lines": 0, "num_statements": 1, "percent_covered": 0.0, "percent_covered_display": "0", "missing_lines": 1, "excluded_lines": 0}, "missing_lines": [103], "excluded_lines": []}, "dim_text": {"executed_lines": [], "summary": {"covered_lines": 0, "num_statements": 1, "percent_covered": 0.0, "percent_covered_display": "0", "missing_lines": 1, "excluded_lines": 0}, "missing_lines": [107], "excluded_lines": []}, "": {"executed_lines": [1, 2, 3, 4, 5, 6, 7, 8, 9, 10, 11, 12, 14, 18, 20, 26, 30, 38, 46, 53, 66, 76, 77, 89, 93, 97, 101, 105], "summary": {"covered_lines": 28, "num_statements": 29, "percent_covered": 96.55172413793103, "percent_covered_display": "97", "missing_lines": 1, "excluded_lines": 0}, "missing_lines": [54], "excluded_lines": []}}, "classes": {"": {"executed_lines": [1, 2, 3, 4, 5, 6, 7, 8, 9, 10, 11, 12, 14, 18, 20, 26, 30, 38, 46, 53, 66, 76, 77, 78, 87, 89, 93, 97, 101, 105], "summary": {"covered_lines": 30, "num_statements": 64, "percent_covered": 46.875, "percent_covered_display": "47", "missing_lines": 34, "excluded_lines": 0}, "missing_lines": [22, 23, 24, 32, 33, 34, 35, 43, 50, 54, 55, 56, 57, 58, 59, 62, 64, 68, 69, 70, 71, 72, 73, 74, 79, 80, 81, 82, 85, 91, 95, 99, 103, 107], "excluded_lines": []}}}, "test_itermod.py": {"executed_lines": [], "summary": {"covered_lines": 0, "num_statements": 9, "percent_covered": 0.0, "percent_covered_display": "0", "missing_lines": 9, "excluded_lines": 0}, "missing_lines": [1, 3, 5, 7, 8, 9, 10, 11, 12], "excluded_lines": [], "functions": {"": {"executed_lines": [], "summary": {"covered_lines": 0, "num_statements": 9, "percent_covered": 0.0, "percent_covered_display": "0", "missing_lines": 9, "excluded_lines": 0}, "missing_lines": [1, 3, 5, 7, 8, 9, 10, 11, 12], "excluded_lines": []}}, "classes": {"": {"executed_lines": [], "summary": {"covered_lines": 0, "num_statements": 9, "percent_covered": 0.0, "percent_covered_display": "0", "missing_lines": 9, "excluded_lines": 0}, "missing_lines": [1, 3, 5, 7, 8, 9, 10, 11, 12], "excluded_lines": []}}}, "test_llm.py": {"executed_lines": [], "summary": {"covered_lines": 0, "num_statements": 12, "percent_covered": 0.0, "percent_covered_display": "0", "missing_lines": 12, "excluded_lines": 0}, "missing_lines": [1, 2, 4, 6, 7, 8, 10, 11, 12, 14, 15, 16], "excluded_lines": [], "functions": {"": {"executed_lines": [], "summary": {"covered_lines": 0, "num_statements": 12, "percent_covered": 0.0, "percent_covered_display": "0", "missing_lines": 12, "excluded_lines": 0}, "missing_lines": [1, 2, 4, 6, 7, 8, 10, 11, 12, 14, 15, 16], "excluded_lines": []}}, "classes": {"": {"executed_lines": [], "summary": {"covered_lines": 0, "num_statements": 12, "percent_covered": 0.0, "percent_covered_display": "0", "missing_lines": 12, "excluded_lines": 0}, "missing_lines": [1, 2, 4, 6, 7, 8, 10, 11, 12, 14, 15, 16], "excluded_lines": []}}}, "tests/conftest.py": {"executed_lines": [1, 2, 3, 5, 6, 7, 8, 10, 12, 14, 15, 18, 19], "summary": {"covered_lines": 13, "num_statements": 18, "percent_covered": 72.22222222222223, "percent_covered_display": "72", "missing_lines": 5, "excluded_lines": 0}, "missing_lines": [16, 20, 21, 22, 24], "excluded_lines": [], "functions": {"test_repoconfig": {"executed_lines": [], "summary": {"covered_lines": 0, "num_statements": 1, "percent_covered": 0.0, "percent_covered_display": "0", "missing_lines": 1, "excluded_lines": 0}, "missing_lines": [16], "excluded_lines": []}, "source_repo": {"executed_lines": [], "summary": {"covered_lines": 0, "num_statements": 4, "percent_covered": 0.0, "percent_covered_display": "0", "missing_lines": 4, "excluded_lines": 0}, "missing_lines": [20, 21, 22, 24], "excluded_lines": []}, "": {"executed_lines": [1, 2, 3, 5, 6, 7, 8, 10, 12, 14, 15, 18, 19], "summary": {"covered_lines": 13, "num_statements": 13, "percent_covered": 100.0, "percent_covered_display": "100", "missing_lines": 0, "excluded_lines": 0}, "missing_lines": [], "excluded_lines": []}}, "classes": {"": {"executed_lines": [1, 2, 3, 5, 6, 7, 8, 10, 12, 14, 15, 18, 19], "summary": {"covered_lines": 13, "num_statements": 18, "percent_covered": 72.22222222222223, "percent_covered_display": "72", "missing_lines": 5, "excluded_lines": 0}, "missing_lines": [16, 20, 21, 22, 24], "excluded_lines": []}}}, "tests/test_coverage.py": {"executed_lines": [1, 2, 4, 5, 16, 21, 30, 39, 60], "summary": {"covered_lines": 9, "num_statements": 59, "percent_covered": 15.254237288135593, "percent_covered_display": "15", "missing_lines": 50, "excluded_lines": 0}, "missing_lines": [6, 7, 8, 9, 11, 12, 14, 17, 18, 19, 22, 23, 25, 26, 27, 28, 31, 32, 34, 35, 36, 37, 41, 42, 43, 44, 47, 48, 49, 50, 53, 54, 55, 56, 57, 58, 62, 63, 64, 65, 68, 69, 70, 71, 74, 77, 78, 79, 80, 81], "excluded_lines": [], "functions": {"setup_coverages": {"executed_lines": [], "summary": {"covered_lines": 0, "num_statements": 7, "percent_covered": 0.0, "percent_covered_display": "0", "missing_lines": 7, "excluded_lines": 0}, "missing_lines": [6, 7, 8, 9, 11, 12, 14], "excluded_lines": []}, "test_subtraction_length": {"executed_lines": [], "summary": {"covered_lines": 0, "num_statements": 3, "percent_covered": 0.0, "percent_covered_display": "0", "missing_lines": 3, "excluded_lines": 0}, "missing_lines": [17, 18, 19], "excluded_lines": []}, "test_subtraction_file1_coverage": {"executed_lines": [], "summary": {"covered_lines": 0, "num_statements": 6, "percent_covered": 0.0, "percent_covered_display": "0", "missing_lines": 6, "excluded_lines": 0}, "missing_lines": [22, 23, 25, 26, 27, 28], "excluded_lines": []}, "test_subtraction_file2_coverage": {"executed_lines": [], "summary": {"covered_lines": 0, "num_statements": 6, "percent_covered": 0.0, "percent_covered_display": "0", "missing_lines": 6, "excluded_lines": 0}, "missing_lines": [31, 32, 34, 35, 36, 37], "excluded_lines": []}, "test_diff_cov_positive_total": {"executed_lines": [], "summary": {"covered_lines": 0, "num_statements": 14, "percent_covered": 0.0, "percent_covered_display": "0", "missing_lines": 14, "excluded_lines": 0}, "missing_lines": [41, 42, 43, 44, 47, 48, 49, 50, 53, 54, 55, 56, 57, 58], "excluded_lines": []}, "test_normal_subtraction": {"executed_lines": [], "summary": {"covered_lines": 0, "num_statements": 14, "percent_covered": 0.0, "percent_covered_display": "0", "missing_lines": 14, "excluded_lines": 0}, "missing_lines": [62, 63, 64, 65, 68, 69, 70, 71, 74, 77, 78, 79, 80, 81], "excluded_lines": []}, "": {"executed_lines": [1, 2, 4, 5, 16, 21, 30, 39, 60], "summary": {"covered_lines": 9, "num_statements": 9, "percent_covered": 100.0, "percent_covered_display": "100", "missing_lines": 0, "excluded_lines": 0}, "missing_lines": [], "excluded_lines": []}}, "classes": {"": {"executed_lines": [1, 2, 4, 5, 16, 21, 30, 39, 60], "summary": {"covered_lines": 9, "num_statements": 59, "percent_covered": 15.254237288135593, "percent_covered_display": "15", "missing_lines": 50, "excluded_lines": 0}, "missing_lines": [6, 7, 8, 9, 11, 12, 14, 17, 18, 19, 22, 23, 25, 26, 27, 28, 31, 32, 34, 35, 36, 37, 41, 42, 43, 44, 47, 48, 49, 50, 53, 54, 55, 56, 57, 58, 62, 63, 64, 65, 68, 69, 70, 71, 74, 77, 78, 79, 80, 81], "excluded_lines": []}}}, "tests/test_evaluator.py": {"executed_lines": [1, 2, 3, 4, 5, 6, 8, 9, 10, 12, 15, 55], "summary": {"covered_lines": 12, "num_statements": 17, "percent_covered": 70.58823529411765, "percent_covered_display": "71", "missing_lines": 5, "excluded_lines": 0}, "missing_lines": [58, 59, 74, 81, 88], "excluded_lines": [], "functions": {"test_additive_evaluator": {"executed_lines": [], "summary": {"covered_lines": 0, "num_statements": 5, "percent_covered": 0.0, "percent_covered_display": "0", "missing_lines": 5, "excluded_lines": 0}, "missing_lines": [58, 59, 74, 81, 88], "excluded_lines": []}, "": {"executed_lines": [1, 2, 3, 4, 5, 6, 8, 9, 10, 12, 15, 55], "summary": {"covered_lines": 12, "num_statements": 12, "percent_covered": 100.0, "percent_covered_display": "100", "missing_lines": 0, "excluded_lines": 0}, "missing_lines": [], "excluded_lines": []}}, "classes": {"": {"executed_lines": [1, 2, 3, 4, 5, 6, 8, 9, 10, 12, 15, 55], "summary": {"covered_lines": 12, "num_statements": 17, "percent_covered": 70.58823529411765, "percent_covered_display": "71", "missing_lines": 5, "excluded_lines": 0}, "missing_lines": [58, 59, 74, 81, 88], "excluded_lines": []}}}, "tests/test_llm.py": {"executed_lines": [1, 2, 4, 8], "summary": {"covered_lines": 4, "num_statements": 9, "percent_covered": 44.44444444444444, "percent_covered_display": "44", "missing_lines": 5, "excluded_lines": 0}, "missing_lines": [9, 15, 16, 17, 25], "excluded_lines": [], "functions": {"test_cached_invoke": {"executed_lines": [], "summary": {"covered_lines": 0, "num_statements": 5, "percent_covered": 0.0, "percent_covered_display": "0", "missing_lines": 5, "excluded_lines": 0}, "missing_lines": [9, 15, 16, 17, 25], "excluded_lines": []}, "": {"executed_lines": [1, 2, 4, 8], "summary": {"covered_lines": 4, "num_statements": 4, "percent_covered": 100.0, "percent_covered_display": "100", "missing_lines": 0, "excluded_lines": 0}, "missing_lines": [], "excluded_lines": []}}, "classes": {"": {"executed_lines": [1, 2, 4, 8], "summary": {"covered_lines": 4, "num_statements": 9, "percent_covered": 44.44444444444444, "percent_covered_display": "44", "missing_lines": 5, "excluded_lines": 0}, "missing_lines": [9, 15, 16, 17, 25], "excluded_lines": []}}}, "tests/test_python_runner.py": {"executed_lines": [1, 2, 4, 18], "summary": {"covered_lines": 4, "num_statements": 9, "percent_covered": 44.44444444444444, "percent_covered_display": "44", "missing_lines": 5, "excluded_lines": 0}, "missing_lines": [20, 27, 28, 29, 31], "excluded_lines": [], "functions": {"test_update_coverage_omits": {"executed_lines": [], "summary": {"covered_lines": 0, "num_statements": 5, "percent_covered": 0.0, "percent_covered_display": "0", "missing_lines": 5, "excluded_lines": 0}, "missing_lines": [20, 27, 28, 29, 31], "excluded_lines": []}, "": {"executed_lines": [1, 2, 4, 18], "summary": {"covered_lines": 4, "num_statements": 4, "percent_covered": 100.0, "percent_covered_display": "100", "missing_lines": 0, "excluded_lines": 0}, "missing_lines": [], "excluded_lines": []}}, "classes": {"": {"executed_lines": [1, 2, 4, 18], "summary": {"covered_lines": 4, "num_statements": 9, "percent_covered": 44.44444444444444, "percent_covered_display": "44", "missing_lines": 5, "excluded_lines": 0}, "missing_lines": [20, 27, 28, 29, 31], "excluded_lines": []}}}, "tests/test_runtest.py": {"executed_lines": [1, 2, 4, 5, 7, 9, 30], "summary": {"covered_lines": 7, "num_statements": 17, "percent_covered": 41.1764705882353, "percent_covered_display": "41", "missing_lines": 10, "excluded_lines": 0}, "missing_lines": [12, 19, 24, 26, 27, 28, 31, 37, 43, 44], "excluded_lines": [], "functions": {"test_module_cov": {"executed_lines": [], "summary": {"covered_lines": 0, "num_statements": 6, "percent_covered": 0.0, "percent_covered_display": "0", "missing_lines": 6, "excluded_lines": 0}, "missing_lines": [12, 19, 24, 26, 27, 28], "excluded_lines": []}, "test_test_files_excluded_in_coverage": {"executed_lines": [], "summary": {"covered_lines": 0, "num_statements": 4, "percent_covered": 0.0, "percent_covered_display": "0", "missing_lines": 4, "excluded_lines": 0}, "missing_lines": [31, 37, 43, 44], "excluded_lines": []}, "": {"executed_lines": [1, 2, 4, 5, 7, 9, 30], "summary": {"covered_lines": 7, "num_statements": 7, "percent_covered": 100.0, "percent_covered_display": "100", "missing_lines": 0, "excluded_lines": 0}, "missing_lines": [], "excluded_lines": []}}, "classes": {"": {"executed_lines": [1, 2, 4, 5, 7, 9, 30], "summary": {"covered_lines": 7, "num_statements": 17, "percent_covered": 41.1764705882353, "percent_covered_display": "41", "missing_lines": 10, "excluded_lines": 0}, "missing_lines": [12, 19, 24, 26, 27, 28, 31, 37, 43, 44], "excluded_lines": []}}}, "tests/test_sourcefile.py": {"executed_lines": [1, 2, 3, 4, 6, 44, 67, 102, 159], "summary": {"covered_lines": 9, "num_statements": 68, "percent_covered": 13.235294117647058, "percent_covered_display": "13", "missing_lines": 59, "excluded_lines": 0}, "missing_lines": [10, 21, 24, 25, 28, 29, 30, 33, 34, 35, 38, 39, 42, 46, 53, 56, 60, 63, 64, 65, 69, 81, 84, 85, 86, 89, 92, 93, 94, 97, 98, 99, 105, 113, 114, 115, 116, 119, 127, 128, 129, 130, 133, 141, 142, 143, 144, 147, 153, 154, 155, 161, 171, 174, 175, 178, 179, 181, 182], "excluded_lines": [], "functions": {"test_source_file_basic_operations": {"executed_lines": [], "summary": {"covered_lines": 0, "num_statements": 13, "percent_covered": 0.0, "percent_covered_display": "0", "missing_lines": 13, "excluded_lines": 0}, "missing_lines": [10, 21, 24, 25, 28, 29, 30, 33, 34, 35, 38, 39, 42], "excluded_lines": []}, "test_source_file_append_meth": {"executed_lines": [], "summary": {"covered_lines": 0, "num_statements": 7, "percent_covered": 0.0, "percent_covered_display": "0", "missing_lines": 7, "excluded_lines": 0}, "missing_lines": [46, 53, 56, 60, 63, 64, 65], "excluded_lines": []}, "test_source_file_delete": {"executed_lines": [], "summary": {"covered_lines": 0, "num_statements": 12, "percent_covered": 0.0, "percent_covered_display": "0", "missing_lines": 12, "excluded_lines": 0}, "missing_lines": [69, 81, 84, 85, 86, 89, 92, 93, 94, 97, 98, 99], "excluded_lines": []}, "test_detect_indentation": {"executed_lines": [], "summary": {"covered_lines": 0, "num_statements": 19, "percent_covered": 0.0, "percent_covered_display": "0", "missing_lines": 19, "excluded_lines": 0}, "missing_lines": [105, 113, 114, 115, 116, 119, 127, 128, 129, 130, 133, 141, 142, 143, 144, 147, 153, 154, 155], "excluded_lines": []}, "test_scope_class": {"executed_lines": [], "summary": {"covered_lines": 0, "num_statements": 8, "percent_covered": 0.0, "percent_covered_display": "0", "missing_lines": 8, "excluded_lines": 0}, "missing_lines": [161, 171, 174, 175, 178, 179, 181, 182], "excluded_lines": []}, "": {"executed_lines": [1, 2, 3, 4, 6, 44, 67, 102, 159], "summary": {"covered_lines": 9, "num_statements": 9, "percent_covered": 100.0, "percent_covered_display": "100", "missing_lines": 0, "excluded_lines": 0}, "missing_lines": [], "excluded_lines": []}}, "classes": {"": {"executed_lines": [1, 2, 3, 4, 6, 44, 67, 102, 159], "summary": {"covered_lines": 9, "num_statements": 68, "percent_covered": 13.235294117647058, "percent_covered_display": "13", "missing_lines": 59, "excluded_lines": 0}, "missing_lines": [10, 21, 24, 25, 28, 29, 30, 33, 34, 35, 38, 39, 42, 46, 53, 56, 60, 63, 64, 65, 69, 81, 84, 85, 86, 89, 92, 93, 94, 97, 98, 99, 105, 113, 114, 115, 116, 119, 127, 128, 129, 130, 133, 141, 142, 143, 144, 147, 153, 154, 155, 161, 171, 174, 175, 178, 179, 181, 182], "excluded_lines": []}}}, "tests/test_testmodules.py": {"executed_lines": [1, 2], "summary": {"covered_lines": 2, "num_statements": 2, "percent_covered": 100.0, "percent_covered_display": "100", "missing_lines": 0, "excluded_lines": 0}, "missing_lines": [], "excluded_lines": [], "functions": {"": {"executed_lines": [1, 2], "summary": {"covered_lines": 2, "num_statements": 2, "percent_covered": 100.0, "percent_covered_display": "100", "missing_lines": 0, "excluded_lines": 0}, "missing_lines": [], "excluded_lines": []}}, "classes": {"": {"executed_lines": [1, 2], "summary": {"covered_lines": 2, "num_statements": 2, "percent_covered": 100.0, "percent_covered_display": "100", "missing_lines": 0, "excluded_lines": 0}, "missing_lines": [], "excluded_lines": []}}}}, "totals": {"covered_lines": 1191, "num_statements": 3713, "percent_covered": 32.07648801508214, "percent_covered_display": "32", "missing_lines": 2522, "excluded_lines": 0}}